<?xml version="1.0" encoding="UTF-8"?>
<coverage generated="1766634489257" clover="3.2.0">
  <project timestamp="1766634489257" name="All files">
    <metrics statements="286" coveredstatements="215" conditionals="189" coveredconditionals="136" methods="90" coveredmethods="66" elements="565" coveredelements="417" complexity="0" loc="286" ncloc="286" packages="6" files="22" classes="22"/>
    <package name="src">
      <metrics statements="111" coveredstatements="55" conditionals="42" coveredconditionals="17" methods="31" coveredmethods="14"/>
      <file name="App.css" path="/home/nitramyloh/git/Replikanti/flowlint/flowlint-weblinter/src/App.css">
        <metrics statements="0" coveredstatements="0" conditionals="0" coveredconditionals="0" methods="0" coveredmethods="0"/>
      </file>
      <file name="App.tsx" path="/home/nitramyloh/git/Replikanti/flowlint/flowlint-weblinter/src/App.tsx">
        <metrics statements="110" coveredstatements="55" conditionals="42" coveredconditionals="17" methods="31" coveredmethods="14"/>
        <line num="14" count="2" type="stmt"/>
        <line num="16" count="2" type="stmt"/>
        <line num="17" count="1" type="stmt"/>
        <line num="23" count="8" type="stmt"/>
        <line num="24" count="8" type="stmt"/>
        <line num="25" count="8" type="stmt"/>
        <line num="26" count="8" type="stmt"/>
        <line num="27" count="8" type="stmt"/>
        <line num="30" count="8" type="stmt"/>
        <line num="31" count="5" type="stmt"/>
        <line num="32" count="5" type="stmt"/>
        <line num="33" count="5" type="stmt"/>
        <line num="35" count="5" type="cond" truecount="1" falsecount="1"/>
        <line num="36" count="0" type="stmt"/>
        <line num="37" count="0" type="stmt"/>
        <line num="38" count="0" type="stmt"/>
        <line num="39" count="0" type="cond" truecount="0" falsecount="2"/>
        <line num="40" count="0" type="stmt"/>
        <line num="41" count="0" type="cond" truecount="0" falsecount="2"/>
        <line num="42" count="0" type="stmt"/>
        <line num="43" count="0" type="stmt"/>
        <line num="45" count="0" type="stmt"/>
        <line num="48" count="0" type="stmt"/>
        <line num="50" count="0" type="stmt"/>
        <line num="53" count="0" type="stmt"/>
        <line num="54" count="5" type="cond" truecount="2" falsecount="0"/>
        <line num="56" count="1" type="stmt"/>
        <line num="57" count="1" type="cond" truecount="1" falsecount="1"/>
        <line num="58" count="1" type="stmt"/>
        <line num="59" count="1" type="stmt"/>
        <line num="61" count="0" type="stmt"/>
        <line num="68" count="8" type="stmt"/>
        <line num="69" count="5" type="stmt"/>
        <line num="70" count="5" type="stmt"/>
        <line num="71" count="70" type="stmt"/>
        <line num="73" count="5" type="stmt"/>
        <line num="76" count="8" type="stmt"/>
        <line num="77" count="8" type="stmt"/>
        <line num="79" count="8" type="stmt"/>
        <line num="80" count="0" type="stmt"/>
        <line num="83" count="8" type="stmt"/>
        <line num="84" count="0" type="stmt"/>
        <line num="85" count="0" type="stmt"/>
        <line num="86" count="0" type="stmt"/>
        <line num="87" count="0" type="stmt"/>
        <line num="91" count="8" type="stmt"/>
        <line num="92" count="8" type="cond" truecount="2" falsecount="0"/>
        <line num="93" count="5" type="stmt"/>
        <line num="96" count="3" type="stmt"/>
        <line num="97" count="3" type="stmt"/>
        <line num="99" count="3" type="stmt"/>
        <line num="100" count="28" type="stmt"/>
        <line num="101" count="28" type="stmt"/>
        <line num="105" count="28" type="stmt"/>
        <line num="108" count="3" type="stmt"/>
        <line num="113" count="3" type="stmt"/>
        <line num="118" count="3" type="stmt"/>
        <line num="120" count="1" type="stmt"/>
        <line num="124" count="8" type="stmt"/>
        <line num="125" count="0" type="cond" truecount="0" falsecount="2"/>
        <line num="127" count="0" type="stmt"/>
        <line num="128" count="0" type="stmt"/>
        <line num="129" count="0" type="stmt"/>
        <line num="130" count="0" type="cond" truecount="0" falsecount="2"/>
        <line num="132" count="0" type="stmt"/>
        <line num="133" count="0" type="cond" truecount="0" falsecount="2"/>
        <line num="134" count="0" type="stmt"/>
        <line num="137" count="0" type="stmt"/>
        <line num="143" count="0" type="cond" truecount="0" falsecount="2"/>
        <line num="144" count="0" type="stmt"/>
        <line num="145" count="0" type="cond" truecount="0" falsecount="2"/>
        <line num="148" count="0" type="stmt"/>
        <line num="149" count="0" type="cond" truecount="0" falsecount="2"/>
        <line num="150" count="0" type="stmt"/>
        <line num="151" count="0" type="stmt"/>
        <line num="153" count="0" type="stmt"/>
        <line num="155" count="0" type="stmt"/>
        <line num="156" count="0" type="stmt"/>
        <line num="157" count="0" type="stmt"/>
        <line num="158" count="0" type="stmt"/>
        <line num="161" count="0" type="stmt"/>
        <line num="162" count="0" type="stmt"/>
        <line num="164" count="0" type="stmt"/>
        <line num="165" count="0" type="stmt"/>
        <line num="167" count="0" type="stmt"/>
        <line num="173" count="8" type="stmt"/>
        <line num="174" count="8" type="cond" truecount="1" falsecount="1"/>
        <line num="175" count="0" type="stmt"/>
        <line num="178" count="8" type="stmt"/>
        <line num="181" count="9" type="cond" truecount="2" falsecount="0"/>
        <line num="182" count="1" type="cond" truecount="1" falsecount="1"/>
        <line num="183" count="2" type="cond" truecount="1" falsecount="1"/>
        <line num="185" count="1" type="stmt"/>
        <line num="186" count="1" type="cond" truecount="1" falsecount="2"/>
        <line num="187" count="0" type="stmt"/>
        <line num="188" count="1" type="stmt"/>
        <line num="189" count="0" type="stmt"/>
        <line num="193" count="1" type="stmt"/>
        <line num="194" count="1" type="cond" truecount="1" falsecount="2"/>
        <line num="195" count="0" type="stmt"/>
        <line num="196" count="1" type="stmt"/>
        <line num="197" count="0" type="stmt"/>
        <line num="201" count="1" type="stmt"/>
        <line num="236" count="8" type="stmt"/>
        <line num="277" count="0" type="stmt"/>
        <line num="289" count="0" type="stmt"/>
        <line num="293" count="0" type="stmt"/>
        <line num="339" count="0" type="stmt"/>
        <line num="348" count="0" type="stmt"/>
        <line num="350" count="0" type="stmt"/>
      </file>
      <file name="index.css" path="/home/nitramyloh/git/Replikanti/flowlint/flowlint-weblinter/src/index.css">
        <metrics statements="0" coveredstatements="0" conditionals="0" coveredconditionals="0" methods="0" coveredmethods="0"/>
      </file>
      <file name="main.tsx" path="/home/nitramyloh/git/Replikanti/flowlint/flowlint-weblinter/src/main.tsx">
        <metrics statements="1" coveredstatements="0" conditionals="0" coveredconditionals="0" methods="0" coveredmethods="0"/>
        <line num="6" count="0" type="stmt"/>
      </file>
    </package>
    <package name="src.assets">
      <metrics statements="0" coveredstatements="0" conditionals="0" coveredconditionals="0" methods="0" coveredmethods="0"/>
      <file name="logo.png" path="/home/nitramyloh/git/Replikanti/flowlint/flowlint-weblinter/src/assets/logo.png">
        <metrics statements="0" coveredstatements="0" conditionals="0" coveredconditionals="0" methods="0" coveredmethods="0"/>
      </file>
      <file name="react.svg" path="/home/nitramyloh/git/Replikanti/flowlint/flowlint-weblinter/src/assets/react.svg">
        <metrics statements="0" coveredstatements="0" conditionals="0" coveredconditionals="0" methods="0" coveredmethods="0"/>
      </file>
    </package>
    <package name="src.components">
      <metrics statements="110" coveredstatements="99" conditionals="113" coveredconditionals="88" methods="42" coveredmethods="36"/>
      <file name="CanvasPanel.tsx" path="/home/nitramyloh/git/Replikanti/flowlint/flowlint-weblinter/src/components/CanvasPanel.tsx">
        <metrics statements="1" coveredstatements="1" conditionals="2" coveredconditionals="2" methods="1" coveredmethods="1"/>
        <line num="29" count="8" type="stmt"/>
      </file>
      <file name="EditorPanel.tsx" path="/home/nitramyloh/git/Replikanti/flowlint/flowlint-weblinter/src/components/EditorPanel.tsx">
        <metrics statements="19" coveredstatements="16" conditionals="23" coveredconditionals="17" methods="10" coveredmethods="7"/>
        <line num="10" count="2" type="stmt"/>
        <line num="11" count="224" type="cond" truecount="2" falsecount="0"/>
        <line num="12" count="144" type="cond" truecount="2" falsecount="0"/>
        <line num="13" count="32" type="stmt"/>
        <line num="45" count="16" type="stmt"/>
        <line num="46" count="16" type="cond" truecount="1" falsecount="1"/>
        <line num="47" count="16" type="cond" truecount="1" falsecount="1"/>
        <line num="48" count="16" type="stmt"/>
        <line num="51" count="16" type="stmt"/>
        <line num="52" count="16" type="cond" truecount="1" falsecount="1"/>
        <line num="53" count="16" type="cond" truecount="1" falsecount="1"/>
        <line num="54" count="16" type="stmt"/>
        <line num="57" count="16" type="stmt"/>
        <line num="99" count="0" type="stmt"/>
        <line num="102" count="0" type="stmt"/>
        <line num="109" count="224" type="stmt"/>
        <line num="113" count="0" type="stmt"/>
        <line num="128" count="480" type="stmt"/>
        <line num="147" count="2" type="stmt"/>
      </file>
      <file name="Footer.tsx" path="/home/nitramyloh/git/Replikanti/flowlint/flowlint-weblinter/src/components/Footer.tsx">
        <metrics statements="10" coveredstatements="10" conditionals="4" coveredconditionals="4" methods="6" coveredmethods="6"/>
        <line num="4" count="2" type="stmt"/>
        <line num="5" count="8" type="stmt"/>
        <line num="10" count="2" type="stmt"/>
        <line num="11" count="8" type="stmt"/>
        <line num="13" count="8" type="stmt"/>
        <line num="39" count="8" type="stmt"/>
        <line num="86" count="48" type="stmt"/>
        <line num="104" count="40" type="stmt"/>
        <line num="122" count="16" type="stmt"/>
        <line num="138" count="16" type="stmt"/>
      </file>
      <file name="Header.tsx" path="/home/nitramyloh/git/Replikanti/flowlint/flowlint-weblinter/src/components/Header.tsx">
        <metrics statements="17" coveredstatements="14" conditionals="10" coveredconditionals="7" methods="7" coveredmethods="6"/>
        <line num="28" count="3" type="stmt"/>
        <line num="30" count="3" type="stmt"/>
        <line num="31" count="12" type="stmt"/>
        <line num="60" count="12" type="stmt"/>
        <line num="81" count="12" type="stmt"/>
        <line num="119" count="48" type="stmt"/>
        <line num="139" count="36" type="stmt"/>
        <line num="179" count="48" type="stmt"/>
        <line num="197" count="36" type="stmt"/>
        <line num="220" count="3" type="stmt"/>
        <line num="229" count="0" type="stmt"/>
        <line num="241" count="0" type="stmt"/>
        <line num="259" count="3" type="stmt"/>
        <line num="269" count="3" type="stmt"/>
        <line num="270" count="8" type="cond" truecount="1" falsecount="1"/>
        <line num="271" count="0" type="stmt"/>
        <line num="281" count="8" type="stmt"/>
      </file>
      <file name="LazyHighlighter.tsx" path="/home/nitramyloh/git/Replikanti/flowlint/flowlint-weblinter/src/components/LazyHighlighter.tsx">
        <metrics statements="1" coveredstatements="0" conditionals="0" coveredconditionals="0" methods="1" coveredmethods="0"/>
        <line num="10" count="0" type="stmt"/>
      </file>
      <file name="Mermaid.tsx" path="/home/nitramyloh/git/Replikanti/flowlint/flowlint-weblinter/src/components/Mermaid.tsx">
        <metrics statements="19" coveredstatements="19" conditionals="4" coveredconditionals="3" methods="3" coveredmethods="3"/>
        <line num="4" count="1" type="stmt"/>
        <line num="17" count="1" type="stmt"/>
        <line num="18" count="4" type="stmt"/>
        <line num="19" count="4" type="stmt"/>
        <line num="20" count="4" type="stmt"/>
        <line num="22" count="4" type="stmt"/>
        <line num="23" count="2" type="stmt"/>
        <line num="24" count="2" type="cond" truecount="1" falsecount="1"/>
        <line num="26" count="2" type="stmt"/>
        <line num="27" count="2" type="stmt"/>
        <line num="28" count="2" type="stmt"/>
        <line num="29" count="1" type="stmt"/>
        <line num="30" count="1" type="stmt"/>
        <line num="32" count="1" type="stmt"/>
        <line num="33" count="1" type="stmt"/>
        <line num="39" count="2" type="stmt"/>
        <line num="42" count="4" type="cond" truecount="2" falsecount="0"/>
        <line num="43" count="1" type="stmt"/>
        <line num="51" count="3" type="stmt"/>
      </file>
      <file name="ResultsPanel.tsx" path="/home/nitramyloh/git/Replikanti/flowlint/flowlint-weblinter/src/components/ResultsPanel.tsx">
        <metrics statements="5" coveredstatements="5" conditionals="40" coveredconditionals="33" methods="4" coveredmethods="4"/>
        <line num="53" count="14" type="cond" truecount="2" falsecount="0"/>
        <line num="54" count="1" type="stmt"/>
        <line num="55" count="1" type="stmt"/>
        <line num="56" count="1" type="stmt"/>
        <line num="59" count="14" type="stmt"/>
      </file>
      <file name="RuleModal.tsx" path="/home/nitramyloh/git/Replikanti/flowlint/flowlint-weblinter/src/components/RuleModal.tsx">
        <metrics statements="16" coveredstatements="13" conditionals="14" coveredconditionals="10" methods="5" coveredmethods="4"/>
        <line num="10" count="2" type="stmt"/>
        <line num="11" count="1" type="stmt"/>
        <line num="24" count="1" type="stmt"/>
        <line num="26" count="1" type="stmt"/>
        <line num="27" count="1" type="stmt"/>
        <line num="33" count="1" type="stmt"/>
        <line num="34" count="1" type="cond" truecount="2" falsecount="0"/>
        <line num="35" count="1" type="cond" truecount="2" falsecount="0"/>
        <line num="37" count="1" type="cond" truecount="1" falsecount="1"/>
        <line num="38" count="1" type="stmt"/>
        <line num="45" count="1" type="cond" truecount="1" falsecount="1"/>
        <line num="46" count="1" type="stmt"/>
        <line num="55" count="1" type="stmt"/>
        <line num="63" count="0" type="stmt"/>
        <line num="65" count="0" type="cond" truecount="0" falsecount="2"/>
        <line num="67" count="0" type="stmt"/>
      </file>
      <file name="WorkflowCanvas.tsx" path="/home/nitramyloh/git/Replikanti/flowlint/flowlint-weblinter/src/components/WorkflowCanvas.tsx">
        <metrics statements="16" coveredstatements="15" conditionals="8" coveredconditionals="6" methods="4" coveredmethods="4"/>
        <line num="45" count="3" type="stmt"/>
        <line num="58" count="4" type="stmt"/>
        <line num="59" count="4" type="stmt"/>
        <line num="64" count="4" type="stmt"/>
        <line num="65" count="4" type="stmt"/>
        <line num="68" count="4" type="stmt"/>
        <line num="70" count="1" type="cond" truecount="1" falsecount="1"/>
        <line num="71" count="1" type="stmt"/>
        <line num="77" count="4" type="stmt"/>
        <line num="97" count="8" type="stmt"/>
        <line num="98" count="8" type="cond" truecount="2" falsecount="0"/>
        <line num="99" count="6" type="cond" truecount="3" falsecount="1"/>
        <line num="101" count="2" type="stmt"/>
        <line num="103" count="2" type="stmt"/>
        <line num="105" count="2" type="stmt"/>
        <line num="107" count="0" type="stmt"/>
      </file>
      <file name="WorkflowNode.tsx" path="/home/nitramyloh/git/Replikanti/flowlint/flowlint-weblinter/src/components/WorkflowNode.tsx">
        <metrics statements="6" coveredstatements="6" conditionals="8" coveredconditionals="6" methods="1" coveredmethods="1"/>
        <line num="12" count="3" type="stmt"/>
        <line num="13" count="2" type="stmt"/>
        <line num="14" count="2" type="stmt"/>
        <line num="16" count="2" type="stmt"/>
        <line num="18" count="2" type="stmt"/>
        <line num="72" count="3" type="stmt"/>
      </file>
    </package>
    <package name="src.data">
      <metrics statements="0" coveredstatements="0" conditionals="0" coveredconditionals="0" methods="0" coveredmethods="0"/>
      <file name="rule-examples.json" path="/home/nitramyloh/git/Replikanti/flowlint/flowlint-weblinter/src/data/rule-examples.json">
        <metrics statements="0" coveredstatements="0" conditionals="0" coveredconditionals="0" methods="0" coveredmethods="0"/>
      </file>
    </package>
    <package name="src.lib">
      <metrics statements="65" coveredstatements="61" conditionals="34" coveredconditionals="31" methods="17" coveredmethods="16"/>
      <file name="finding-utils.ts" path="/home/nitramyloh/git/Replikanti/flowlint/flowlint-weblinter/src/lib/finding-utils.ts">
        <metrics statements="21" coveredstatements="21" conditionals="16" coveredconditionals="16" methods="8" coveredmethods="8"/>
        <line num="11" count="7" type="stmt"/>
        <line num="12" count="6" type="cond" truecount="2" falsecount="0"/>
        <line num="13" count="6" type="cond" truecount="2" falsecount="0"/>
        <line num="14" count="5" type="stmt"/>
        <line num="16" count="6" type="stmt"/>
        <line num="17" count="6" type="stmt"/>
        <line num="28" count="14" type="cond" truecount="2" falsecount="0"/>
        <line num="30" count="7" type="stmt"/>
        <line num="31" count="5" type="cond" truecount="2" falsecount="0"/>
        <line num="33" count="4" type="stmt"/>
        <line num="34" count="3" type="cond" truecount="2" falsecount="0"/>
        <line num="36" count="1" type="stmt"/>
        <line num="50" count="6" type="cond" truecount="4" falsecount="0"/>
        <line num="52" count="1" type="stmt"/>
        <line num="59" count="2" type="stmt"/>
        <line num="66" count="1" type="stmt"/>
        <line num="73" count="2" type="stmt"/>
        <line num="93" count="1" type="stmt"/>
        <line num="95" count="4" type="cond" truecount="2" falsecount="0"/>
        <line num="96" count="4" type="stmt"/>
        <line num="101" count="1" type="stmt"/>
      </file>
      <file name="graph-to-flow.ts" path="/home/nitramyloh/git/Replikanti/flowlint/flowlint-weblinter/src/lib/graph-to-flow.ts">
        <metrics statements="27" coveredstatements="27" conditionals="12" coveredconditionals="10" methods="6" coveredmethods="5"/>
        <line num="53" count="5" type="stmt"/>
        <line num="56" count="5" type="stmt"/>
        <line num="57" count="5" type="stmt"/>
        <line num="60" count="5" type="stmt"/>
        <line num="69" count="5" type="stmt"/>
        <line num="70" count="10" type="stmt"/>
        <line num="77" count="5" type="stmt"/>
        <line num="78" count="5" type="stmt"/>
        <line num="82" count="5" type="stmt"/>
        <line num="85" count="5" type="stmt"/>
        <line num="86" count="10" type="cond" truecount="2" falsecount="0"/>
        <line num="87" count="10" type="stmt"/>
        <line num="88" count="10" type="stmt"/>
        <line num="90" count="10" type="stmt"/>
        <line num="108" count="5" type="stmt"/>
        <line num="109" count="5" type="cond" truecount="1" falsecount="1"/>
        <line num="112" count="5" type="stmt"/>
        <line num="113" count="5" type="stmt"/>
        <line num="115" count="5" type="cond" truecount="3" falsecount="0"/>
        <line num="117" count="3" type="stmt"/>
        <line num="118" count="3" type="stmt"/>
        <line num="120" count="1" type="stmt"/>
        <line num="121" count="1" type="stmt"/>
        <line num="123" count="1" type="stmt"/>
        <line num="124" count="1" type="stmt"/>
        <line num="127" count="5" type="stmt"/>
        <line num="140" count="5" type="stmt"/>
      </file>
      <file name="url-state.ts" path="/home/nitramyloh/git/Replikanti/flowlint/flowlint-weblinter/src/lib/url-state.ts">
        <metrics statements="16" coveredstatements="12" conditionals="6" coveredconditionals="5" methods="2" coveredmethods="2"/>
        <line num="6" count="3" type="stmt"/>
        <line num="19" count="2" type="stmt"/>
        <line num="20" count="2" type="stmt"/>
        <line num="21" count="2" type="stmt"/>
        <line num="29" count="4" type="stmt"/>
        <line num="30" count="4" type="cond" truecount="2" falsecount="0"/>
        <line num="32" count="3" type="stmt"/>
        <line num="33" count="3" type="cond" truecount="2" falsecount="0"/>
        <line num="35" count="2" type="stmt"/>
        <line num="38" count="2" type="stmt"/>
        <line num="40" count="2" type="cond" truecount="1" falsecount="1"/>
        <line num="41" count="0" type="stmt"/>
        <line num="42" count="0" type="stmt"/>
        <line num="45" count="2" type="stmt"/>
        <line num="47" count="0" type="stmt"/>
        <line num="48" count="0" type="stmt"/>
      </file>
      <file name="utils.ts" path="/home/nitramyloh/git/Replikanti/flowlint/flowlint-weblinter/src/lib/utils.ts">
        <metrics statements="1" coveredstatements="1" conditionals="0" coveredconditionals="0" methods="1" coveredmethods="1"/>
        <line num="5" count="336" type="stmt"/>
      </file>
    </package>
    <package name="src.types">
      <metrics statements="0" coveredstatements="0" conditionals="0" coveredconditionals="0" methods="0" coveredmethods="0"/>
      <file name="react-syntax-highlighter.d.ts" path="/home/nitramyloh/git/Replikanti/flowlint/flowlint-weblinter/src/types/react-syntax-highlighter.d.ts">
        <metrics statements="0" coveredstatements="0" conditionals="0" coveredconditionals="0" methods="0" coveredmethods="0"/>
      </file>
    </package>
  </project>
</coverage>
