{"/home/nitramyloh/git/Replikanti/flowlint/flowlint-weblinter/src/App.css": {"path":"/home/nitramyloh/git/Replikanti/flowlint/flowlint-weblinter/src/App.css","statementMap":{},"fnMap":{},"branchMap":{},"s":{},"f":{},"b":{},"meta":{"lastBranch":0,"lastFunction":0,"lastStatement":0,"seen":{}}}
,"/home/nitramyloh/git/Replikanti/flowlint/flowlint-weblinter/src/App.tsx": {"path":"/home/nitramyloh/git/Replikanti/flowlint/flowlint-weblinter/src/App.tsx","statementMap":{"0":{"start":{"line":16,"column":6},"end":{"line":16,"column":null}},"1":{"start":{"line":16,"column":33},"end":{"line":16,"column":null}},"2":{"start":{"line":16,"column":84},"end":{"line":16,"column":null}},"3":{"start":{"line":18,"column":23},"end":{"line":21,"column":null}},"4":{"start":{"line":19,"column":2},"end":{"line":21,"column":null}},"5":{"start":{"line":25,"column":32},"end":{"line":25,"column":null}},"6":{"start":{"line":26,"column":32},"end":{"line":26,"column":null}},"7":{"start":{"line":27,"column":44},"end":{"line":27,"column":null}},"8":{"start":{"line":28,"column":30},"end":{"line":28,"column":null}},"9":{"start":{"line":29,"column":42},"end":{"line":29,"column":null}},"10":{"start":{"line":32,"column":2},"end":{"line":67,"column":null}},"11":{"start":{"line":33,"column":19},"end":{"line":33,"column":null}},"12":{"start":{"line":34,"column":20},"end":{"line":34,"column":null}},"13":{"start":{"line":35,"column":23},"end":{"line":35,"column":null}},"14":{"start":{"line":37,"column":4},"end":{"line":66,"column":null}},"15":{"start":{"line":38,"column":27},"end":{"line":54,"column":null}},"16":{"start":{"line":39,"column":8},"end":{"line":39,"column":null}},"17":{"start":{"line":40,"column":8},"end":{"line":53,"column":null}},"18":{"start":{"line":41,"column":26},"end":{"line":41,"column":null}},"19":{"start":{"line":42,"column":27},"end":{"line":42,"column":null}},"20":{"start":{"line":43,"column":10},"end":{"line":48,"column":null}},"21":{"start":{"line":44,"column":25},"end":{"line":44,"column":null}},"22":{"start":{"line":45,"column":12},"end":{"line":45,"column":null}},"23":{"start":{"line":47,"column":12},"end":{"line":47,"column":null}},"24":{"start":{"line":50,"column":10},"end":{"line":50,"column":null}},"25":{"start":{"line":52,"column":10},"end":{"line":52,"column":null}},"26":{"start":{"line":55,"column":6},"end":{"line":55,"column":null}},"27":{"start":{"line":56,"column":4},"end":{"line":66,"column":null}},"28":{"start":{"line":58,"column":12},"end":{"line":58,"column":null}},"29":{"start":{"line":59,"column":6},"end":{"line":65,"column":null}},"30":{"start":{"line":60,"column":8},"end":{"line":64,"column":null}},"31":{"start":{"line":61,"column":12},"end":{"line":61,"column":null}},"32":{"start":{"line":63,"column":12},"end":{"line":63,"column":null}},"33":{"start":{"line":70,"column":38},"end":{"line":76,"column":null}},"34":{"start":{"line":71,"column":45},"end":{"line":71,"column":null}},"35":{"start":{"line":72,"column":4},"end":{"line":74,"column":null}},"36":{"start":{"line":73,"column":6},"end":{"line":73,"column":null}},"37":{"start":{"line":75,"column":4},"end":{"line":75,"column":null}},"38":{"start":{"line":78,"column":26},"end":{"line":78,"column":null}},"39":{"start":{"line":79,"column":25},"end":{"line":79,"column":null}},"40":{"start":{"line":81,"column":21},"end":{"line":83,"column":null}},"41":{"start":{"line":82,"column":4},"end":{"line":82,"column":null}},"42":{"start":{"line":82,"column":29},"end":{"line":82,"column":58}},"43":{"start":{"line":85,"column":20},"end":{"line":91,"column":null}},"44":{"start":{"line":86,"column":4},"end":{"line":90,"column":null}},"45":{"start":{"line":87,"column":19},"end":{"line":87,"column":null}},"46":{"start":{"line":88,"column":6},"end":{"line":88,"column":null}},"47":{"start":{"line":88,"column":37},"end":{"line":88,"column":59}},"48":{"start":{"line":89,"column":6},"end":{"line":89,"column":null}},"49":{"start":{"line":93,"column":33},"end":{"line":124,"column":null}},"50":{"start":{"line":94,"column":4},"end":{"line":96,"column":null}},"51":{"start":{"line":95,"column":6},"end":{"line":95,"column":null}},"52":{"start":{"line":98,"column":4},"end":{"line":123,"column":null}},"53":{"start":{"line":99,"column":12},"end":{"line":99,"column":null}},"54":{"start":{"line":101,"column":26},"end":{"line":108,"column":null}},"55":{"start":{"line":102,"column":26},"end":{"line":102,"column":null}},"56":{"start":{"line":103,"column":8},"end":{"line":106,"column":null}},"57":{"start":{"line":107,"column":8},"end":{"line":107,"column":null}},"58":{"start":{"line":110,"column":27},"end":{"line":113,"column":null}},"59":{"start":{"line":115,"column":12},"end":{"line":118,"column":null}},"60":{"start":{"line":120,"column":6},"end":{"line":120,"column":null}},"61":{"start":{"line":122,"column":6},"end":{"line":122,"column":null}},"62":{"start":{"line":126,"column":22},"end":{"line":172,"column":null}},"63":{"start":{"line":127,"column":4},"end":{"line":127,"column":null}},"64":{"start":{"line":127,"column":27},"end":{"line":127,"column":null}},"65":{"start":{"line":129,"column":4},"end":{"line":129,"column":null}},"66":{"start":{"line":130,"column":4},"end":{"line":170,"column":null}},"67":{"start":{"line":131,"column":31},"end":{"line":131,"column":null}},"68":{"start":{"line":132,"column":24},"end":{"line":132,"column":null}},"69":{"start":{"line":134,"column":8},"end":{"line":134,"column":null}},"70":{"start":{"line":135,"column":8},"end":{"line":137,"column":null}},"71":{"start":{"line":136,"column":12},"end":{"line":136,"column":null}},"72":{"start":{"line":139,"column":25},"end":{"line":143,"column":null}},"73":{"start":{"line":145,"column":8},"end":{"line":148,"column":null}},"74":{"start":{"line":146,"column":30},"end":{"line":146,"column":null}},"75":{"start":{"line":146,"column":65},"end":{"line":146,"column":96}},"76":{"start":{"line":147,"column":12},"end":{"line":147,"column":null}},"77":{"start":{"line":150,"column":23},"end":{"line":150,"column":null}},"78":{"start":{"line":151,"column":26},"end":{"line":151,"column":null}},"79":{"start":{"line":152,"column":20},"end":{"line":152,"column":null}},"80":{"start":{"line":153,"column":8},"end":{"line":153,"column":null}},"81":{"start":{"line":155,"column":8},"end":{"line":155,"column":null}},"82":{"start":{"line":157,"column":27},"end":{"line":157,"column":null}},"83":{"start":{"line":158,"column":8},"end":{"line":158,"column":null}},"84":{"start":{"line":159,"column":8},"end":{"line":159,"column":null}},"85":{"start":{"line":160,"column":8},"end":{"line":160,"column":null}},"86":{"start":{"line":163,"column":8},"end":{"line":163,"column":null}},"87":{"start":{"line":164,"column":8},"end":{"line":164,"column":null}},"88":{"start":{"line":164,"column":25},"end":{"line":164,"column":45}},"89":{"start":{"line":166,"column":8},"end":{"line":166,"column":null}},"90":{"start":{"line":167,"column":8},"end":{"line":167,"column":null}},"91":{"start":{"line":169,"column":8},"end":{"line":169,"column":null}},"92":{"start":{"line":175,"column":8},"end":{"line":178,"column":null}},"93":{"start":{"line":176,"column":4},"end":{"line":176,"column":null}},"94":{"start":{"line":176,"column":25},"end":{"line":176,"column":null}},"95":{"start":{"line":177,"column":4},"end":{"line":177,"column":null}},"96":{"start":{"line":177,"column":32},"end":{"line":177,"column":59}},"97":{"start":{"line":180,"column":28},"end":{"line":224,"column":null}},"98":{"start":{"line":183,"column":21},"end":{"line":183,"column":null}},"99":{"start":{"line":183,"column":46},"end":{"line":183,"column":94}},"100":{"start":{"line":184,"column":19},"end":{"line":184,"column":null}},"101":{"start":{"line":185,"column":21},"end":{"line":185,"column":null}},"102":{"start":{"line":185,"column":72},"end":{"line":185,"column":110}},"103":{"start":{"line":187,"column":4},"end":{"line":222,"column":null}},"104":{"start":{"line":226,"column":2},"end":{"line":354,"column":null}},"105":{"start":{"line":267,"column":39},"end":{"line":267,"column":null}},"106":{"start":{"line":279,"column":50},"end":{"line":279,"column":null}},"107":{"start":{"line":283,"column":50},"end":{"line":283,"column":null}},"108":{"start":{"line":329,"column":37},"end":{"line":329,"column":null}},"109":{"start":{"line":338,"column":36},"end":{"line":338,"column":null}},"110":{"start":{"line":340,"column":36},"end":{"line":340,"column":null}}},"fnMap":{"0":{"name":"(anonymous_0)","decl":{"start":{"line":16,"column":27},"end":{"line":16,"column":33}},"loc":{"start":{"line":16,"column":33},"end":{"line":16,"column":null}},"line":16},"1":{"name":"(anonymous_1)","decl":{"start":{"line":16,"column":71},"end":{"line":16,"column":82}},"loc":{"start":{"line":16,"column":84},"end":{"line":16,"column":null}},"line":16},"2":{"name":"(anonymous_2)","decl":{"start":{"line":18,"column":23},"end":{"line":18,"column":null}},"loc":{"start":{"line":19,"column":2},"end":{"line":21,"column":null}},"line":19},"3":{"name":"App","decl":{"start":{"line":24,"column":9},"end":{"line":24,"column":15}},"loc":{"start":{"line":24,"column":15},"end":{"line":356,"column":null}},"line":24},"4":{"name":"(anonymous_4)","decl":{"start":{"line":32,"column":12},"end":{"line":32,"column":18}},"loc":{"start":{"line":32,"column":18},"end":{"line":67,"column":5}},"line":32},"5":{"name":"(anonymous_5)","decl":{"start":{"line":38,"column":27},"end":{"line":38,"column":39}},"loc":{"start":{"line":38,"column":39},"end":{"line":54,"column":null}},"line":38},"6":{"name":"(anonymous_6)","decl":{"start":{"line":70,"column":76},"end":{"line":70,"column":82}},"loc":{"start":{"line":70,"column":82},"end":{"line":76,"column":3}},"line":70},"7":{"name":"(anonymous_7)","decl":{"start":{"line":72,"column":27},"end":{"line":72,"column":35}},"loc":{"start":{"line":72,"column":35},"end":{"line":74,"column":5}},"line":72},"8":{"name":"(anonymous_8)","decl":{"start":{"line":81,"column":21},"end":{"line":81,"column":22}},"loc":{"start":{"line":81,"column":37},"end":{"line":83,"column":null}},"line":81},"9":{"name":"(anonymous_9)","decl":{"start":{"line":82,"column":20},"end":{"line":82,"column":29}},"loc":{"start":{"line":82,"column":29},"end":{"line":82,"column":58}},"line":82},"10":{"name":"(anonymous_10)","decl":{"start":{"line":85,"column":20},"end":{"line":85,"column":21}},"loc":{"start":{"line":85,"column":41},"end":{"line":91,"column":null}},"line":85},"11":{"name":"(anonymous_11)","decl":{"start":{"line":86,"column":20},"end":{"line":86,"column":28}},"loc":{"start":{"line":86,"column":28},"end":{"line":90,"column":5}},"line":86},"12":{"name":"(anonymous_12)","decl":{"start":{"line":88,"column":29},"end":{"line":88,"column":37}},"loc":{"start":{"line":88,"column":37},"end":{"line":88,"column":59}},"line":88},"13":{"name":"(anonymous_13)","decl":{"start":{"line":93,"column":45},"end":{"line":93,"column":51}},"loc":{"start":{"line":93,"column":51},"end":{"line":124,"column":5}},"line":93},"14":{"name":"(anonymous_14)","decl":{"start":{"line":101,"column":48},"end":{"line":101,"column":49}},"loc":{"start":{"line":101,"column":63},"end":{"line":108,"column":9}},"line":101},"15":{"name":"(anonymous_15)","decl":{"start":{"line":126,"column":22},"end":{"line":126,"column":34}},"loc":{"start":{"line":126,"column":34},"end":{"line":172,"column":null}},"line":126},"16":{"name":"(anonymous_16)","decl":{"start":{"line":146,"column":58},"end":{"line":146,"column":65}},"loc":{"start":{"line":146,"column":65},"end":{"line":146,"column":96}},"line":146},"17":{"name":"(anonymous_17)","decl":{"start":{"line":164,"column":19},"end":{"line":164,"column":25}},"loc":{"start":{"line":164,"column":25},"end":{"line":164,"column":45}},"line":164},"18":{"name":"(anonymous_18)","decl":{"start":{"line":175,"column":36},"end":{"line":175,"column":42}},"loc":{"start":{"line":175,"column":42},"end":{"line":178,"column":5}},"line":175},"19":{"name":"(anonymous_19)","decl":{"start":{"line":177,"column":27},"end":{"line":177,"column":32}},"loc":{"start":{"line":177,"column":32},"end":{"line":177,"column":59}},"line":177},"20":{"name":"(anonymous_20)","decl":{"start":{"line":180,"column":28},"end":{"line":180,"column":29}},"loc":{"start":{"line":180,"column":63},"end":{"line":224,"column":null}},"line":180},"21":{"name":"(anonymous_21)","decl":{"start":{"line":183,"column":41},"end":{"line":183,"column":46}},"loc":{"start":{"line":183,"column":46},"end":{"line":183,"column":94}},"line":183},"22":{"name":"(anonymous_22)","decl":{"start":{"line":185,"column":67},"end":{"line":185,"column":72}},"loc":{"start":{"line":185,"column":72},"end":{"line":185,"column":110}},"line":185},"23":{"name":"(anonymous_23)","decl":{"start":{"line":267,"column":27},"end":{"line":267,"column":28}},"loc":{"start":{"line":267,"column":39},"end":{"line":267,"column":null}},"line":267},"24":{"name":"(anonymous_24)","decl":{"start":{"line":279,"column":44},"end":{"line":279,"column":50}},"loc":{"start":{"line":279,"column":50},"end":{"line":279,"column":null}},"line":279},"25":{"name":"(anonymous_25)","decl":{"start":{"line":283,"column":44},"end":{"line":283,"column":50}},"loc":{"start":{"line":283,"column":50},"end":{"line":283,"column":null}},"line":283},"26":{"name":"(anonymous_26)","decl":{"start":{"line":329,"column":25},"end":{"line":329,"column":26}},"loc":{"start":{"line":329,"column":37},"end":{"line":329,"column":null}},"line":329},"27":{"name":"(anonymous_27)","decl":{"start":{"line":338,"column":30},"end":{"line":338,"column":36}},"loc":{"start":{"line":338,"column":36},"end":{"line":338,"column":null}},"line":338},"28":{"name":"(anonymous_28)","decl":{"start":{"line":340,"column":30},"end":{"line":340,"column":36}},"loc":{"start":{"line":340,"column":36},"end":{"line":340,"column":null}},"line":340}},"branchMap":{"0":{"loc":{"start":{"line":37,"column":4},"end":{"line":66,"column":null}},"type":"if","locations":[{"start":{"line":37,"column":4},"end":{"line":66,"column":null}},{"start":{"line":56,"column":4},"end":{"line":66,"column":null}}],"line":37},"1":{"loc":{"start":{"line":41,"column":26},"end":{"line":41,"column":null}},"type":"binary-expr","locations":[{"start":{"line":41,"column":26},"end":{"line":41,"column":64}},{"start":{"line":41,"column":64},"end":{"line":41,"column":null}}],"line":41},"2":{"loc":{"start":{"line":43,"column":10},"end":{"line":48,"column":null}},"type":"if","locations":[{"start":{"line":43,"column":10},"end":{"line":48,"column":null}},{"start":{"line":46,"column":17},"end":{"line":48,"column":null}}],"line":43},"3":{"loc":{"start":{"line":56,"column":4},"end":{"line":66,"column":null}},"type":"if","locations":[{"start":{"line":56,"column":4},"end":{"line":66,"column":null}},{"start":{},"end":{}}],"line":56},"4":{"loc":{"start":{"line":59,"column":6},"end":{"line":65,"column":null}},"type":"if","locations":[{"start":{"line":59,"column":6},"end":{"line":65,"column":null}},{"start":{},"end":{}}],"line":59},"5":{"loc":{"start":{"line":94,"column":4},"end":{"line":96,"column":null}},"type":"if","locations":[{"start":{"line":94,"column":4},"end":{"line":96,"column":null}},{"start":{},"end":{}}],"line":94},"6":{"loc":{"start":{"line":127,"column":4},"end":{"line":127,"column":null}},"type":"if","locations":[{"start":{"line":127,"column":4},"end":{"line":127,"column":null}},{"start":{},"end":{}}],"line":127},"7":{"loc":{"start":{"line":132,"column":24},"end":{"line":132,"column":null}},"type":"binary-expr","locations":[{"start":{"line":132,"column":24},"end":{"line":132,"column":62}},{"start":{"line":132,"column":62},"end":{"line":132,"column":null}}],"line":132},"8":{"loc":{"start":{"line":135,"column":8},"end":{"line":137,"column":null}},"type":"if","locations":[{"start":{"line":135,"column":8},"end":{"line":137,"column":null}},{"start":{},"end":{}}],"line":135},"9":{"loc":{"start":{"line":145,"column":8},"end":{"line":148,"column":null}},"type":"if","locations":[{"start":{"line":145,"column":8},"end":{"line":148,"column":null}},{"start":{},"end":{}}],"line":145},"10":{"loc":{"start":{"line":147,"column":28},"end":{"line":147,"column":77}},"type":"binary-expr","locations":[{"start":{"line":147,"column":28},"end":{"line":147,"column":47}},{"start":{"line":147,"column":47},"end":{"line":147,"column":77}}],"line":147},"11":{"loc":{"start":{"line":151,"column":26},"end":{"line":151,"column":null}},"type":"binary-expr","locations":[{"start":{"line":151,"column":26},"end":{"line":151,"column":61}},{"start":{"line":151,"column":61},"end":{"line":151,"column":null}}],"line":151},"12":{"loc":{"start":{"line":176,"column":4},"end":{"line":176,"column":null}},"type":"if","locations":[{"start":{"line":176,"column":4},"end":{"line":176,"column":null}},{"start":{},"end":{}}],"line":176},"13":{"loc":{"start":{"line":183,"column":46},"end":{"line":183,"column":94}},"type":"binary-expr","locations":[{"start":{"line":183,"column":46},"end":{"line":183,"column":71}},{"start":{"line":183,"column":71},"end":{"line":183,"column":94}}],"line":183},"14":{"loc":{"start":{"line":184,"column":19},"end":{"line":184,"column":null}},"type":"binary-expr","locations":[{"start":{"line":184,"column":19},"end":{"line":184,"column":35}},{"start":{"line":184,"column":35},"end":{"line":184,"column":null}}],"line":184},"15":{"loc":{"start":{"line":185,"column":21},"end":{"line":185,"column":null}},"type":"cond-expr","locations":[{"start":{"line":185,"column":38},"end":{"line":185,"column":124}},{"start":{"line":185,"column":124},"end":{"line":185,"column":null}}],"line":185},"16":{"loc":{"start":{"line":192,"column":10},"end":{"line":194,"column":null}},"type":"cond-expr","locations":[{"start":{"line":192,"column":40},"end":{"line":192,"column":null}},{"start":{"line":193,"column":10},"end":{"line":194,"column":null}}],"line":192},"17":{"loc":{"start":{"line":193,"column":10},"end":{"line":194,"column":null}},"type":"cond-expr","locations":[{"start":{"line":193,"column":42},"end":{"line":193,"column":null}},{"start":{"line":194,"column":10},"end":{"line":194,"column":null}}],"line":193},"18":{"loc":{"start":{"line":201,"column":14},"end":{"line":203,"column":null}},"type":"cond-expr","locations":[{"start":{"line":201,"column":44},"end":{"line":201,"column":null}},{"start":{"line":202,"column":14},"end":{"line":203,"column":null}}],"line":201},"19":{"loc":{"start":{"line":202,"column":14},"end":{"line":203,"column":null}},"type":"cond-expr","locations":[{"start":{"line":202,"column":46},"end":{"line":202,"column":null}},{"start":{"line":203,"column":14},"end":{"line":203,"column":null}}],"line":202},"20":{"loc":{"start":{"line":214,"column":9},"end":{"line":215,"column":null}},"type":"binary-expr","locations":[{"start":{"line":214,"column":9},"end":{"line":214,"column":null}},{"start":{"line":215,"column":10},"end":{"line":215,"column":null}}],"line":214},"21":{"loc":{"start":{"line":238,"column":15},"end":{"line":241,"column":null}},"type":"binary-expr","locations":[{"start":{"line":238,"column":15},"end":{"line":238,"column":null}},{"start":{"line":239,"column":16},"end":{"line":241,"column":null}}],"line":238}},"s":{"0":2,"1":1,"2":0,"3":2,"4":1,"5":8,"6":8,"7":8,"8":8,"9":8,"10":8,"11":5,"12":5,"13":5,"14":5,"15":0,"16":0,"17":0,"18":0,"19":0,"20":0,"21":0,"22":0,"23":0,"24":0,"25":0,"26":0,"27":5,"28":1,"29":1,"30":1,"31":1,"32":0,"33":8,"34":5,"35":5,"36":70,"37":5,"38":8,"39":8,"40":8,"41":0,"42":0,"43":8,"44":0,"45":0,"46":0,"47":0,"48":0,"49":8,"50":8,"51":5,"52":3,"53":3,"54":3,"55":28,"56":28,"57":28,"58":3,"59":3,"60":3,"61":1,"62":8,"63":0,"64":0,"65":0,"66":0,"67":0,"68":0,"69":0,"70":0,"71":0,"72":0,"73":0,"74":0,"75":0,"76":0,"77":0,"78":0,"79":0,"80":0,"81":0,"82":0,"83":0,"84":0,"85":0,"86":0,"87":0,"88":0,"89":0,"90":0,"91":0,"92":8,"93":8,"94":8,"95":0,"96":0,"97":8,"98":1,"99":9,"100":1,"101":1,"102":2,"103":1,"104":8,"105":0,"106":0,"107":0,"108":0,"109":0,"110":0},"f":{"0":1,"1":0,"2":1,"3":8,"4":5,"5":0,"6":5,"7":70,"8":0,"9":0,"10":0,"11":0,"12":0,"13":8,"14":28,"15":0,"16":0,"17":0,"18":8,"19":0,"20":1,"21":9,"22":2,"23":0,"24":0,"25":0,"26":0,"27":0,"28":0},"b":{"0":[0,5],"1":[0,0],"2":[0,0],"3":[1,4],"4":[1,0],"5":[5,3],"6":[0,0],"7":[0,0],"8":[0,0],"9":[0,0],"10":[0,0],"11":[0,0],"12":[8,0],"13":[9,8],"14":[1,0],"15":[1,0],"16":[0,1],"17":[1,0],"18":[0,1],"19":[1,0],"20":[1,1],"21":[8,1]},"meta":{"lastBranch":22,"lastFunction":29,"lastStatement":111,"seen":{"s:16:6:16:Infinity":0,"f:16:27:16:33":0,"s:16:33:16:Infinity":1,"f:16:71:16:82":1,"s:16:84:16:Infinity":2,"s:18:23:21:Infinity":3,"f:18:23:18:Infinity":2,"s:19:2:21:Infinity":4,"f:24:9:24:15":3,"s:25:32:25:Infinity":5,"s:26:32:26:Infinity":6,"s:27:44:27:Infinity":7,"s:28:30:28:Infinity":8,"s:29:42:29:Infinity":9,"s:32:2:67:Infinity":10,"f:32:12:32:18":4,"s:33:19:33:Infinity":11,"s:34:20:34:Infinity":12,"s:35:23:35:Infinity":13,"b:37:4:66:Infinity:56:4:66:Infinity":0,"s:37:4:66:Infinity":14,"s:38:27:54:Infinity":15,"f:38:27:38:39":5,"s:39:8:39:Infinity":16,"s:40:8:53:Infinity":17,"s:41:26:41:Infinity":18,"b:41:26:41:64:41:64:41:Infinity":1,"s:42:27:42:Infinity":19,"b:43:10:48:Infinity:46:17:48:Infinity":2,"s:43:10:48:Infinity":20,"s:44:25:44:Infinity":21,"s:45:12:45:Infinity":22,"s:47:12:47:Infinity":23,"s:50:10:50:Infinity":24,"s:52:10:52:Infinity":25,"s:55:6:55:Infinity":26,"b:56:4:66:Infinity:undefined:undefined:undefined:undefined":3,"s:56:4:66:Infinity":27,"s:58:12:58:Infinity":28,"b:59:6:65:Infinity:undefined:undefined:undefined:undefined":4,"s:59:6:65:Infinity":29,"s:60:8:64:Infinity":30,"s:61:12:61:Infinity":31,"s:63:12:63:Infinity":32,"s:70:38:76:Infinity":33,"f:70:76:70:82":6,"s:71:45:71:Infinity":34,"s:72:4:74:Infinity":35,"f:72:27:72:35":7,"s:73:6:73:Infinity":36,"s:75:4:75:Infinity":37,"s:78:26:78:Infinity":38,"s:79:25:79:Infinity":39,"s:81:21:83:Infinity":40,"f:81:21:81:22":8,"s:82:4:82:Infinity":41,"f:82:20:82:29":9,"s:82:29:82:58":42,"s:85:20:91:Infinity":43,"f:85:20:85:21":10,"s:86:4:90:Infinity":44,"f:86:20:86:28":11,"s:87:19:87:Infinity":45,"s:88:6:88:Infinity":46,"f:88:29:88:37":12,"s:88:37:88:59":47,"s:89:6:89:Infinity":48,"s:93:33:124:Infinity":49,"f:93:45:93:51":13,"b:94:4:96:Infinity:undefined:undefined:undefined:undefined":5,"s:94:4:96:Infinity":50,"s:95:6:95:Infinity":51,"s:98:4:123:Infinity":52,"s:99:12:99:Infinity":53,"s:101:26:108:Infinity":54,"f:101:48:101:49":14,"s:102:26:102:Infinity":55,"s:103:8:106:Infinity":56,"s:107:8:107:Infinity":57,"s:110:27:113:Infinity":58,"s:115:12:118:Infinity":59,"s:120:6:120:Infinity":60,"s:122:6:122:Infinity":61,"s:126:22:172:Infinity":62,"f:126:22:126:34":15,"b:127:4:127:Infinity:undefined:undefined:undefined:undefined":6,"s:127:4:127:Infinity":63,"s:127:27:127:Infinity":64,"s:129:4:129:Infinity":65,"s:130:4:170:Infinity":66,"s:131:31:131:Infinity":67,"s:132:24:132:Infinity":68,"b:132:24:132:62:132:62:132:Infinity":7,"s:134:8:134:Infinity":69,"b:135:8:137:Infinity:undefined:undefined:undefined:undefined":8,"s:135:8:137:Infinity":70,"s:136:12:136:Infinity":71,"s:139:25:143:Infinity":72,"b:145:8:148:Infinity:undefined:undefined:undefined:undefined":9,"s:145:8:148:Infinity":73,"s:146:30:146:Infinity":74,"f:146:58:146:65":16,"s:146:65:146:96":75,"s:147:12:147:Infinity":76,"b:147:28:147:47:147:47:147:77":10,"s:150:23:150:Infinity":77,"s:151:26:151:Infinity":78,"b:151:26:151:61:151:61:151:Infinity":11,"s:152:20:152:Infinity":79,"s:153:8:153:Infinity":80,"s:155:8:155:Infinity":81,"s:157:27:157:Infinity":82,"s:158:8:158:Infinity":83,"s:159:8:159:Infinity":84,"s:160:8:160:Infinity":85,"s:163:8:163:Infinity":86,"s:164:8:164:Infinity":87,"f:164:19:164:25":17,"s:164:25:164:45":88,"s:166:8:166:Infinity":89,"s:167:8:167:Infinity":90,"s:169:8:169:Infinity":91,"s:175:8:178:Infinity":92,"f:175:36:175:42":18,"b:176:4:176:Infinity:undefined:undefined:undefined:undefined":12,"s:176:4:176:Infinity":93,"s:176:25:176:Infinity":94,"s:177:4:177:Infinity":95,"f:177:27:177:32":19,"s:177:32:177:59":96,"s:180:28:224:Infinity":97,"f:180:28:180:29":20,"s:183:21:183:Infinity":98,"f:183:41:183:46":21,"s:183:46:183:94":99,"b:183:46:183:71:183:71:183:94":13,"s:184:19:184:Infinity":100,"b:184:19:184:35:184:35:184:Infinity":14,"s:185:21:185:Infinity":101,"b:185:38:185:124:185:124:185:Infinity":15,"f:185:67:185:72":22,"s:185:72:185:110":102,"s:187:4:222:Infinity":103,"b:192:40:192:Infinity:193:10:194:Infinity":16,"b:193:42:193:Infinity:194:10:194:Infinity":17,"b:201:44:201:Infinity:202:14:203:Infinity":18,"b:202:46:202:Infinity:203:14:203:Infinity":19,"b:214:9:214:Infinity:215:10:215:Infinity":20,"s:226:2:354:Infinity":104,"b:238:15:238:Infinity:239:16:241:Infinity":21,"f:267:27:267:28":23,"s:267:39:267:Infinity":105,"f:279:44:279:50":24,"s:279:50:279:Infinity":106,"f:283:44:283:50":25,"s:283:50:283:Infinity":107,"f:329:25:329:26":26,"s:329:37:329:Infinity":108,"f:338:30:338:36":27,"s:338:36:338:Infinity":109,"f:340:30:340:36":28,"s:340:36:340:Infinity":110}}}
,"/home/nitramyloh/git/Replikanti/flowlint/flowlint-weblinter/src/index.css": {"path":"/home/nitramyloh/git/Replikanti/flowlint/flowlint-weblinter/src/index.css","statementMap":{},"fnMap":{},"branchMap":{},"s":{},"f":{},"b":{},"meta":{"lastBranch":0,"lastFunction":0,"lastStatement":0,"seen":{}}}
,"/home/nitramyloh/git/Replikanti/flowlint/flowlint-weblinter/src/main.tsx": {"path":"/home/nitramyloh/git/Replikanti/flowlint/flowlint-weblinter/src/main.tsx","statementMap":{"0":{"start":{"line":6,"column":0},"end":{"line":10,"column":null}}},"fnMap":{},"branchMap":{},"s":{"0":0},"f":{},"b":{},"meta":{"lastBranch":0,"lastFunction":0,"lastStatement":1,"seen":{"s:6:0:10:Infinity":0}}}
,"/home/nitramyloh/git/Replikanti/flowlint/flowlint-weblinter/src/assets/logo.png": {"path":"/home/nitramyloh/git/Replikanti/flowlint/flowlint-weblinter/src/assets/logo.png","statementMap":{},"fnMap":{},"branchMap":{},"s":{},"f":{},"b":{},"meta":{"lastBranch":0,"lastFunction":0,"lastStatement":0,"seen":{}}}
,"/home/nitramyloh/git/Replikanti/flowlint/flowlint-weblinter/src/assets/react.svg": {"path":"/home/nitramyloh/git/Replikanti/flowlint/flowlint-weblinter/src/assets/react.svg","statementMap":{},"fnMap":{},"branchMap":{},"s":{},"f":{},"b":{},"meta":{"lastBranch":0,"lastFunction":0,"lastStatement":0,"seen":{}}}
,"/home/nitramyloh/git/Replikanti/flowlint/flowlint-weblinter/src/components/CanvasPanel.tsx": {"path":"/home/nitramyloh/git/Replikanti/flowlint/flowlint-weblinter/src/components/CanvasPanel.tsx","statementMap":{"0":{"start":{"line":29,"column":2},"end":{"line":53,"column":null}}},"fnMap":{"0":{"name":"CanvasPanel","decl":{"start":{"line":28,"column":16},"end":{"line":28,"column":28}},"loc":{"start":{"line":28,"column":80},"end":{"line":55,"column":null}},"line":28}},"branchMap":{"0":{"loc":{"start":{"line":37,"column":9},"end":{"line":50,"column":null}},"type":"cond-expr","locations":[{"start":{"line":38,"column":10},"end":{"line":44,"column":null}},{"start":{"line":46,"column":10},"end":{"line":50,"column":null}}],"line":37}},"s":{"0":8},"f":{"0":8},"b":{"0":[2,6]},"meta":{"lastBranch":1,"lastFunction":1,"lastStatement":1,"seen":{"f:28:16:28:28":0,"s:29:2:53:Infinity":0,"b:38:10:44:Infinity:46:10:50:Infinity":0}}}
,"/home/nitramyloh/git/Replikanti/flowlint/flowlint-weblinter/src/components/EditorPanel.tsx": {"path":"/home/nitramyloh/git/Replikanti/flowlint/flowlint-weblinter/src/components/EditorPanel.tsx","statementMap":{"0":{"start":{"line":10,"column":24},"end":{"line":14,"column":null}},"1":{"start":{"line":11,"column":2},"end":{"line":11,"column":null}},"2":{"start":{"line":11,"column":27},"end":{"line":11,"column":null}},"3":{"start":{"line":12,"column":2},"end":{"line":12,"column":null}},"4":{"start":{"line":12,"column":29},"end":{"line":12,"column":null}},"5":{"start":{"line":13,"column":2},"end":{"line":13,"column":null}},"6":{"start":{"line":45,"column":2},"end":{"line":148,"column":null}},"7":{"start":{"line":89,"column":65},"end":{"line":89,"column":84}},"8":{"start":{"line":92,"column":65},"end":{"line":92,"column":85}},"9":{"start":{"line":99,"column":20},"end":{"line":124,"column":null}},"10":{"start":{"line":103,"column":47},"end":{"line":103,"column":null}},"11":{"start":{"line":118,"column":57},"end":{"line":118,"column":95}},"12":{"start":{"line":137,"column":27},"end":{"line":137,"column":null}}},"fnMap":{"0":{"name":"(anonymous_0)","decl":{"start":{"line":10,"column":24},"end":{"line":10,"column":25}},"loc":{"start":{"line":10,"column":46},"end":{"line":14,"column":null}},"line":10},"1":{"name":"EditorPanel","decl":{"start":{"line":31,"column":16},"end":{"line":31,"column":28}},"loc":{"start":{"line":44,"column":21},"end":{"line":150,"column":null}},"line":44},"2":{"name":"(anonymous_2)","decl":{"start":{"line":89,"column":59},"end":{"line":89,"column":65}},"loc":{"start":{"line":89,"column":65},"end":{"line":89,"column":84}},"line":89},"3":{"name":"(anonymous_3)","decl":{"start":{"line":92,"column":59},"end":{"line":92,"column":65}},"loc":{"start":{"line":92,"column":65},"end":{"line":92,"column":85}},"line":92},"4":{"name":"(anonymous_4)","decl":{"start":{"line":98,"column":38},"end":{"line":98,"column":39}},"loc":{"start":{"line":99,"column":20},"end":{"line":124,"column":null}},"line":99},"5":{"name":"(anonymous_5)","decl":{"start":{"line":103,"column":41},"end":{"line":103,"column":47}},"loc":{"start":{"line":103,"column":47},"end":{"line":103,"column":null}},"line":103},"6":{"name":"(anonymous_6)","decl":{"start":{"line":118,"column":52},"end":{"line":118,"column":57}},"loc":{"start":{"line":118,"column":57},"end":{"line":118,"column":95}},"line":118},"7":{"name":"(anonymous_7)","decl":{"start":{"line":137,"column":20},"end":{"line":137,"column":21}},"loc":{"start":{"line":137,"column":27},"end":{"line":137,"column":null}},"line":137}},"branchMap":{"0":{"loc":{"start":{"line":11,"column":2},"end":{"line":11,"column":null}},"type":"if","locations":[{"start":{"line":11,"column":2},"end":{"line":11,"column":null}},{"start":{},"end":{}}],"line":11},"1":{"loc":{"start":{"line":12,"column":2},"end":{"line":12,"column":null}},"type":"if","locations":[{"start":{"line":12,"column":2},"end":{"line":12,"column":null}},{"start":{},"end":{}}],"line":12},"2":{"loc":{"start":{"line":42,"column":2},"end":{"line":42,"column":null}},"type":"default-arg","locations":[{"start":{"line":42,"column":14},"end":{"line":42,"column":null}}],"line":42},"3":{"loc":{"start":{"line":43,"column":2},"end":{"line":43,"column":null}},"type":"default-arg","locations":[{"start":{"line":43,"column":13},"end":{"line":43,"column":null}}],"line":43},"4":{"loc":{"start":{"line":47,"column":7},"end":{"line":50,"column":null}},"type":"binary-expr","locations":[{"start":{"line":47,"column":7},"end":{"line":47,"column":20}},{"start":{"line":47,"column":20},"end":{"line":47,"column":null}},{"start":{"line":48,"column":8},"end":{"line":50,"column":null}}],"line":47},"5":{"loc":{"start":{"line":63,"column":22},"end":{"line":63,"column":null}},"type":"binary-expr","locations":[{"start":{"line":63,"column":22},"end":{"line":63,"column":43}},{"start":{"line":63,"column":43},"end":{"line":63,"column":null}}],"line":63},"6":{"loc":{"start":{"line":65,"column":13},"end":{"line":67,"column":null}},"type":"cond-expr","locations":[{"start":{"line":65,"column":25},"end":{"line":65,"column":null}},{"start":{"line":66,"column":13},"end":{"line":67,"column":null}}],"line":65},"7":{"loc":{"start":{"line":66,"column":13},"end":{"line":67,"column":null}},"type":"cond-expr","locations":[{"start":{"line":66,"column":24},"end":{"line":66,"column":null}},{"start":{"line":67,"column":13},"end":{"line":67,"column":null}}],"line":66},"8":{"loc":{"start":{"line":68,"column":13},"end":{"line":68,"column":null}},"type":"cond-expr","locations":[{"start":{"line":68,"column":25},"end":{"line":68,"column":39}},{"start":{"line":68,"column":39},"end":{"line":68,"column":null}}],"line":68},"9":{"loc":{"start":{"line":68,"column":39},"end":{"line":68,"column":null}},"type":"cond-expr","locations":[{"start":{"line":68,"column":50},"end":{"line":68,"column":62}},{"start":{"line":68,"column":62},"end":{"line":68,"column":null}}],"line":68},"10":{"loc":{"start":{"line":75,"column":17},"end":{"line":75,"column":null}},"type":"cond-expr","locations":[{"start":{"line":75,"column":28},"end":{"line":75,"column":38}},{"start":{"line":75,"column":38},"end":{"line":75,"column":null}}],"line":75},"11":{"loc":{"start":{"line":141,"column":9},"end":{"line":145,"column":null}},"type":"binary-expr","locations":[{"start":{"line":141,"column":9},"end":{"line":141,"column":null}},{"start":{"line":142,"column":10},"end":{"line":145,"column":null}}],"line":141}},"s":{"0":2,"1":224,"2":80,"3":144,"4":112,"5":32,"6":16,"7":0,"8":0,"9":224,"10":0,"11":480,"12":2},"f":{"0":224,"1":16,"2":0,"3":0,"4":224,"5":0,"6":480,"7":2},"b":{"0":[80,144],"1":[112,32],"2":[16],"3":[16],"4":[16,0,0],"5":[16,6],"6":[0,16],"7":[0,16],"8":[0,16],"9":[0,16],"10":[8,8],"11":[16,2]},"meta":{"lastBranch":12,"lastFunction":8,"lastStatement":13,"seen":{"s:10:24:14:Infinity":0,"f:10:24:10:25":0,"b:11:2:11:Infinity:undefined:undefined:undefined:undefined":0,"s:11:2:11:Infinity":1,"s:11:27:11:Infinity":2,"b:12:2:12:Infinity:undefined:undefined:undefined:undefined":1,"s:12:2:12:Infinity":3,"s:12:29:12:Infinity":4,"s:13:2:13:Infinity":5,"f:31:16:31:28":1,"b:42:14:42:Infinity":2,"b:43:13:43:Infinity":3,"s:45:2:148:Infinity":6,"b:47:7:47:20:47:20:47:Infinity:48:8:50:Infinity":4,"b:63:22:63:43:63:43:63:Infinity":5,"b:65:25:65:Infinity:66:13:67:Infinity":6,"b:66:24:66:Infinity:67:13:67:Infinity":7,"b:68:25:68:39:68:39:68:Infinity":8,"b:68:50:68:62:68:62:68:Infinity":9,"b:75:28:75:38:75:38:75:Infinity":10,"f:89:59:89:65":2,"s:89:65:89:84":7,"f:92:59:92:65":3,"s:92:65:92:85":8,"f:98:38:98:39":4,"s:99:20:124:Infinity":9,"f:103:41:103:47":5,"s:103:47:103:Infinity":10,"f:118:52:118:57":6,"s:118:57:118:95":11,"f:137:20:137:21":7,"s:137:27:137:Infinity":12,"b:141:9:141:Infinity:142:10:145:Infinity":11}}}
,"/home/nitramyloh/git/Replikanti/flowlint/flowlint-weblinter/src/components/Footer.tsx": {"path":"/home/nitramyloh/git/Replikanti/flowlint/flowlint-weblinter/src/components/Footer.tsx","statementMap":{"0":{"start":{"line":4,"column":16},"end":{"line":7,"column":null}},"1":{"start":{"line":5,"column":2},"end":{"line":7,"column":null}},"2":{"start":{"line":10,"column":15},"end":{"line":159,"column":null}},"3":{"start":{"line":11,"column":20},"end":{"line":11,"column":null}},"4":{"start":{"line":13,"column":16},"end":{"line":37,"column":null}},"5":{"start":{"line":39,"column":2},"end":{"line":157,"column":null}},"6":{"start":{"line":86,"column":16},"end":{"line":95,"column":null}},"7":{"start":{"line":104,"column":16},"end":{"line":113,"column":null}},"8":{"start":{"line":122,"column":16},"end":{"line":129,"column":null}},"9":{"start":{"line":138,"column":16},"end":{"line":145,"column":null}}},"fnMap":{"0":{"name":"(anonymous_0)","decl":{"start":{"line":4,"column":16},"end":{"line":4,"column":null}},"loc":{"start":{"line":5,"column":2},"end":{"line":7,"column":null}},"line":5},"1":{"name":"(anonymous_1)","decl":{"start":{"line":10,"column":15},"end":{"line":10,"column":21}},"loc":{"start":{"line":10,"column":21},"end":{"line":159,"column":null}},"line":10},"2":{"name":"(anonymous_2)","decl":{"start":{"line":85,"column":33},"end":{"line":85,"column":34}},"loc":{"start":{"line":86,"column":16},"end":{"line":95,"column":null}},"line":86},"3":{"name":"(anonymous_3)","decl":{"start":{"line":103,"column":36},"end":{"line":103,"column":37}},"loc":{"start":{"line":104,"column":16},"end":{"line":113,"column":null}},"line":104},"4":{"name":"(anonymous_4)","decl":{"start":{"line":121,"column":33},"end":{"line":121,"column":34}},"loc":{"start":{"line":122,"column":16},"end":{"line":129,"column":null}},"line":122},"5":{"name":"(anonymous_5)","decl":{"start":{"line":137,"column":31},"end":{"line":137,"column":32}},"loc":{"start":{"line":138,"column":16},"end":{"line":145,"column":null}},"line":138}},"branchMap":{"0":{"loc":{"start":{"line":89,"column":28},"end":{"line":89,"column":null}},"type":"cond-expr","locations":[{"start":{"line":89,"column":59},"end":{"line":89,"column":70}},{"start":{"line":89,"column":70},"end":{"line":89,"column":null}}],"line":89},"1":{"loc":{"start":{"line":90,"column":25},"end":{"line":90,"column":null}},"type":"cond-expr","locations":[{"start":{"line":90,"column":56},"end":{"line":90,"column":80}},{"start":{"line":90,"column":80},"end":{"line":90,"column":null}}],"line":90}},"s":{"0":2,"1":8,"2":2,"3":8,"4":8,"5":8,"6":48,"7":40,"8":16,"9":16},"f":{"0":8,"1":8,"2":48,"3":40,"4":16,"5":16},"b":{"0":[40,8],"1":[40,8]},"meta":{"lastBranch":2,"lastFunction":6,"lastStatement":10,"seen":{"s:4:16:7:Infinity":0,"f:4:16:4:Infinity":0,"s:5:2:7:Infinity":1,"s:10:15:159:Infinity":2,"f:10:15:10:21":1,"s:11:20:11:Infinity":3,"s:13:16:37:Infinity":4,"s:39:2:157:Infinity":5,"f:85:33:85:34":2,"s:86:16:95:Infinity":6,"b:89:59:89:70:89:70:89:Infinity":0,"b:90:56:90:80:90:80:90:Infinity":1,"f:103:36:103:37":3,"s:104:16:113:Infinity":7,"f:121:33:121:34":4,"s:122:16:129:Infinity":8,"f:137:31:137:32":5,"s:138:16:145:Infinity":9}}}
,"/home/nitramyloh/git/Replikanti/flowlint/flowlint-weblinter/src/components/Header.tsx": {"path":"/home/nitramyloh/git/Replikanti/flowlint/flowlint-weblinter/src/components/Header.tsx","statementMap":{"0":{"start":{"line":28,"column":18},"end":{"line":28,"column":null}},"1":{"start":{"line":30,"column":15},"end":{"line":218,"column":null}},"2":{"start":{"line":31,"column":19},"end":{"line":58,"column":null}},"3":{"start":{"line":60,"column":20},"end":{"line":79,"column":null}},"4":{"start":{"line":81,"column":2},"end":{"line":216,"column":null}},"5":{"start":{"line":119,"column":24},"end":{"line":127,"column":null}},"6":{"start":{"line":139,"column":24},"end":{"line":146,"column":null}},"7":{"start":{"line":179,"column":22},"end":{"line":188,"column":null}},"8":{"start":{"line":197,"column":22},"end":{"line":200,"column":null}},"9":{"start":{"line":220,"column":17},"end":{"line":258,"column":null}},"10":{"start":{"line":229,"column":4},"end":{"line":238,"column":null}},"11":{"start":{"line":241,"column":2},"end":{"line":256,"column":null}},"12":{"start":{"line":259,"column":0},"end":{"line":259,"column":null}},"13":{"start":{"line":269,"column":19},"end":{"line":294,"column":null}},"14":{"start":{"line":270,"column":2},"end":{"line":279,"column":null}},"15":{"start":{"line":271,"column":6},"end":{"line":277,"column":null}},"16":{"start":{"line":281,"column":2},"end":{"line":292,"column":null}}},"fnMap":{"0":{"name":"(anonymous_0)","decl":{"start":{"line":30,"column":15},"end":{"line":30,"column":21}},"loc":{"start":{"line":30,"column":21},"end":{"line":218,"column":null}},"line":30},"1":{"name":"(anonymous_1)","decl":{"start":{"line":118,"column":36},"end":{"line":118,"column":37}},"loc":{"start":{"line":119,"column":24},"end":{"line":127,"column":null}},"line":119},"2":{"name":"(anonymous_2)","decl":{"start":{"line":138,"column":37},"end":{"line":138,"column":38}},"loc":{"start":{"line":139,"column":24},"end":{"line":146,"column":null}},"line":139},"3":{"name":"(anonymous_3)","decl":{"start":{"line":178,"column":34},"end":{"line":178,"column":35}},"loc":{"start":{"line":179,"column":22},"end":{"line":188,"column":null}},"line":179},"4":{"name":"(anonymous_4)","decl":{"start":{"line":196,"column":35},"end":{"line":196,"column":36}},"loc":{"start":{"line":197,"column":22},"end":{"line":200,"column":null}},"line":197},"5":{"name":"(anonymous_5)","decl":{"start":{"line":226,"column":2},"end":{"line":226,"column":3}},"loc":{"start":{"line":226,"column":78},"end":{"line":258,"column":1}},"line":226},"6":{"name":"(anonymous_6)","decl":{"start":{"line":269,"column":19},"end":{"line":269,"column":20}},"loc":{"start":{"line":269,"column":89},"end":{"line":294,"column":null}},"line":269}},"branchMap":{"0":{"loc":{"start":{"line":187,"column":25},"end":{"line":187,"column":null}},"type":"binary-expr","locations":[{"start":{"line":187,"column":25},"end":{"line":187,"column":39}},{"start":{"line":187,"column":39},"end":{"line":187,"column":null}}],"line":187},"1":{"loc":{"start":{"line":233,"column":9},"end":{"line":233,"column":null}},"type":"binary-expr","locations":[{"start":{"line":233,"column":9},"end":{"line":233,"column":18}},{"start":{"line":233,"column":18},"end":{"line":233,"column":null}}],"line":233},"2":{"loc":{"start":{"line":270,"column":2},"end":{"line":279,"column":null}},"type":"if","locations":[{"start":{"line":270,"column":2},"end":{"line":279,"column":null}},{"start":{},"end":{}}],"line":270},"3":{"loc":{"start":{"line":284,"column":14},"end":{"line":284,"column":null}},"type":"cond-expr","locations":[{"start":{"line":284,"column":25},"end":{"line":284,"column":36}},{"start":{"line":284,"column":36},"end":{"line":284,"column":null}}],"line":284},"4":{"loc":{"start":{"line":285,"column":11},"end":{"line":285,"column":null}},"type":"cond-expr","locations":[{"start":{"line":285,"column":22},"end":{"line":285,"column":46}},{"start":{"line":285,"column":46},"end":{"line":285,"column":null}}],"line":285}},"s":{"0":2,"1":2,"2":8,"3":8,"4":8,"5":32,"6":24,"7":32,"8":24,"9":2,"10":0,"11":0,"12":2,"13":2,"14":0,"15":0,"16":0},"f":{"0":8,"1":32,"2":24,"3":32,"4":24,"5":0,"6":0},"b":{"0":[32,8],"1":[0,0],"2":[0,0],"3":[0,0],"4":[0,0]},"meta":{"lastBranch":5,"lastFunction":7,"lastStatement":17,"seen":{"s:28:18:28:Infinity":0,"s:30:15:218:Infinity":1,"f:30:15:30:21":0,"s:31:19:58:Infinity":2,"s:60:20:79:Infinity":3,"s:81:2:216:Infinity":4,"f:118:36:118:37":1,"s:119:24:127:Infinity":5,"f:138:37:138:38":2,"s:139:24:146:Infinity":6,"f:178:34:178:35":3,"s:179:22:188:Infinity":7,"b:187:25:187:39:187:39:187:Infinity":0,"f:196:35:196:36":4,"s:197:22:200:Infinity":8,"s:220:17:258:Infinity":9,"f:226:2:226:3":5,"s:229:4:238:Infinity":10,"b:233:9:233:18:233:18:233:Infinity":1,"s:241:2:256:Infinity":11,"s:259:0:259:Infinity":12,"s:269:19:294:Infinity":13,"f:269:19:269:20":6,"b:270:2:279:Infinity:undefined:undefined:undefined:undefined":2,"s:270:2:279:Infinity":14,"s:271:6:277:Infinity":15,"s:281:2:292:Infinity":16,"b:284:25:284:36:284:36:284:Infinity":3,"b:285:22:285:46:285:46:285:Infinity":4}}}
,"/home/nitramyloh/git/Replikanti/flowlint/flowlint-weblinter/src/components/LazyHighlighter.tsx": {"path":"/home/nitramyloh/git/Replikanti/flowlint/flowlint-weblinter/src/components/LazyHighlighter.tsx","statementMap":{"0":{"start":{"line":10,"column":2},"end":{"line":18,"column":null}}},"fnMap":{"0":{"name":"LazyHighlighter","decl":{"start":{"line":9,"column":24},"end":{"line":9,"column":40}},"loc":{"start":{"line":9,"column":71},"end":{"line":20,"column":null}},"line":9}},"branchMap":{},"s":{"0":0},"f":{"0":0},"b":{},"meta":{"lastBranch":0,"lastFunction":1,"lastStatement":1,"seen":{"f:9:24:9:40":0,"s:10:2:18:Infinity":0}}}
,"/home/nitramyloh/git/Replikanti/flowlint/flowlint-weblinter/src/components/Mermaid.tsx": {"path":"/home/nitramyloh/git/Replikanti/flowlint/flowlint-weblinter/src/components/Mermaid.tsx","statementMap":{"0":{"start":{"line":4,"column":0},"end":{"line":11,"column":null}},"1":{"start":{"line":17,"column":40},"end":{"line":58,"column":null}},"2":{"start":{"line":18,"column":8},"end":{"line":18,"column":null}},"3":{"start":{"line":19,"column":20},"end":{"line":19,"column":null}},"4":{"start":{"line":20,"column":24},"end":{"line":20,"column":null}},"5":{"start":{"line":22,"column":2},"end":{"line":40,"column":null}},"6":{"start":{"line":23,"column":24},"end":{"line":37,"column":null}},"7":{"start":{"line":24,"column":6},"end":{"line":24,"column":null}},"8":{"start":{"line":24,"column":18},"end":{"line":24,"column":null}},"9":{"start":{"line":26,"column":6},"end":{"line":36,"column":null}},"10":{"start":{"line":27,"column":19},"end":{"line":27,"column":null}},"11":{"start":{"line":28,"column":24},"end":{"line":28,"column":null}},"12":{"start":{"line":29,"column":8},"end":{"line":29,"column":null}},"13":{"start":{"line":30,"column":8},"end":{"line":30,"column":null}},"14":{"start":{"line":32,"column":8},"end":{"line":32,"column":null}},"15":{"start":{"line":33,"column":8},"end":{"line":33,"column":null}},"16":{"start":{"line":39,"column":4},"end":{"line":39,"column":null}},"17":{"start":{"line":42,"column":2},"end":{"line":49,"column":null}},"18":{"start":{"line":43,"column":4},"end":{"line":47,"column":null}},"19":{"start":{"line":51,"column":2},"end":{"line":56,"column":null}}},"fnMap":{"0":{"name":"(anonymous_0)","decl":{"start":{"line":17,"column":40},"end":{"line":17,"column":41}},"loc":{"start":{"line":17,"column":55},"end":{"line":58,"column":null}},"line":17},"1":{"name":"(anonymous_1)","decl":{"start":{"line":22,"column":12},"end":{"line":22,"column":18}},"loc":{"start":{"line":22,"column":18},"end":{"line":40,"column":5}},"line":22},"2":{"name":"(anonymous_2)","decl":{"start":{"line":23,"column":24},"end":{"line":23,"column":36}},"loc":{"start":{"line":23,"column":36},"end":{"line":37,"column":null}},"line":23}},"branchMap":{"0":{"loc":{"start":{"line":24,"column":6},"end":{"line":24,"column":null}},"type":"if","locations":[{"start":{"line":24,"column":6},"end":{"line":24,"column":null}},{"start":{},"end":{}}],"line":24},"1":{"loc":{"start":{"line":42,"column":2},"end":{"line":49,"column":null}},"type":"if","locations":[{"start":{"line":42,"column":2},"end":{"line":49,"column":null}},{"start":{},"end":{}}],"line":42}},"s":{"0":0,"1":0,"2":0,"3":0,"4":0,"5":0,"6":0,"7":0,"8":0,"9":0,"10":0,"11":0,"12":0,"13":0,"14":0,"15":0,"16":0,"17":0,"18":0,"19":0},"f":{"0":0,"1":0,"2":0},"b":{"0":[0,0],"1":[0,0]},"meta":{"lastBranch":2,"lastFunction":3,"lastStatement":20,"seen":{"s:4:0:11:Infinity":0,"s:17:40:58:Infinity":1,"f:17:40:17:41":0,"s:18:8:18:Infinity":2,"s:19:20:19:Infinity":3,"s:20:24:20:Infinity":4,"s:22:2:40:Infinity":5,"f:22:12:22:18":1,"s:23:24:37:Infinity":6,"f:23:24:23:36":2,"b:24:6:24:Infinity:undefined:undefined:undefined:undefined":0,"s:24:6:24:Infinity":7,"s:24:18:24:Infinity":8,"s:26:6:36:Infinity":9,"s:27:19:27:Infinity":10,"s:28:24:28:Infinity":11,"s:29:8:29:Infinity":12,"s:30:8:30:Infinity":13,"s:32:8:32:Infinity":14,"s:33:8:33:Infinity":15,"s:39:4:39:Infinity":16,"b:42:2:49:Infinity:undefined:undefined:undefined:undefined":1,"s:42:2:49:Infinity":17,"s:43:4:47:Infinity":18,"s:51:2:56:Infinity":19}}}
,"/home/nitramyloh/git/Replikanti/flowlint/flowlint-weblinter/src/components/ResultsPanel.tsx": {"path":"/home/nitramyloh/git/Replikanti/flowlint/flowlint-weblinter/src/components/ResultsPanel.tsx","statementMap":{"0":{"start":{"line":53,"column":26},"end":{"line":57,"column":null}},"1":{"start":{"line":54,"column":40},"end":{"line":54,"column":61}},"2":{"start":{"line":55,"column":42},"end":{"line":55,"column":65}},"3":{"start":{"line":56,"column":39},"end":{"line":56,"column":59}},"4":{"start":{"line":59,"column":2},"end":{"line":162,"column":null}}},"fnMap":{"0":{"name":"ResultsPanel","decl":{"start":{"line":39,"column":16},"end":{"line":39,"column":29}},"loc":{"start":{"line":50,"column":22},"end":{"line":164,"column":null}},"line":50},"1":{"name":"(anonymous_1)","decl":{"start":{"line":54,"column":35},"end":{"line":54,"column":40}},"loc":{"start":{"line":54,"column":40},"end":{"line":54,"column":61}},"line":54},"2":{"name":"(anonymous_2)","decl":{"start":{"line":55,"column":37},"end":{"line":55,"column":42}},"loc":{"start":{"line":55,"column":42},"end":{"line":55,"column":65}},"line":55},"3":{"name":"(anonymous_3)","decl":{"start":{"line":56,"column":34},"end":{"line":56,"column":39}},"loc":{"start":{"line":56,"column":39},"end":{"line":56,"column":59}},"line":56}},"branchMap":{"0":{"loc":{"start":{"line":49,"column":2},"end":{"line":49,"column":null}},"type":"default-arg","locations":[{"start":{"line":49,"column":12},"end":{"line":49,"column":null}}],"line":49},"1":{"loc":{"start":{"line":53,"column":26},"end":{"line":57,"column":null}},"type":"cond-expr","locations":[{"start":{"line":53,"column":44},"end":{"line":57,"column":6}},{"start":{"line":57,"column":6},"end":{"line":57,"column":null}}],"line":53},"2":{"loc":{"start":{"line":63,"column":8},"end":{"line":63,"column":null}},"type":"binary-expr","locations":[{"start":{"line":63,"column":8},"end":{"line":63,"column":19}},{"start":{"line":63,"column":19},"end":{"line":63,"column":null}}],"line":63},"3":{"loc":{"start":{"line":70,"column":11},"end":{"line":73,"column":null}},"type":"binary-expr","locations":[{"start":{"line":70,"column":11},"end":{"line":70,"column":null}},{"start":{"line":71,"column":12},"end":{"line":73,"column":null}}],"line":70},"4":{"loc":{"start":{"line":72,"column":36},"end":{"line":72,"column":null}},"type":"cond-expr","locations":[{"start":{"line":72,"column":46},"end":{"line":72,"column":56}},{"start":{"line":72,"column":56},"end":{"line":72,"column":null}}],"line":72},"5":{"loc":{"start":{"line":76,"column":11},"end":{"line":89,"column":null}},"type":"binary-expr","locations":[{"start":{"line":76,"column":11},"end":{"line":76,"column":null}},{"start":{"line":78,"column":12},"end":{"line":89,"column":null}}],"line":76},"6":{"loc":{"start":{"line":91,"column":11},"end":{"line":101,"column":null}},"type":"binary-expr","locations":[{"start":{"line":91,"column":11},"end":{"line":91,"column":null}},{"start":{"line":93,"column":12},"end":{"line":101,"column":null}}],"line":91},"7":{"loc":{"start":{"line":94,"column":23},"end":{"line":94,"column":null}},"type":"cond-expr","locations":[{"start":{"line":94,"column":41},"end":{"line":94,"column":55}},{"start":{"line":94,"column":55},"end":{"line":94,"column":null}}],"line":94},"8":{"loc":{"start":{"line":99,"column":58},"end":{"line":99,"column":92}},"type":"binary-expr","locations":[{"start":{"line":99,"column":58},"end":{"line":99,"column":77}},{"start":{"line":99,"column":77},"end":{"line":99,"column":92}}],"line":99},"9":{"loc":{"start":{"line":100,"column":15},"end":{"line":100,"column":null}},"type":"cond-expr","locations":[{"start":{"line":100,"column":25},"end":{"line":100,"column":35}},{"start":{"line":100,"column":35},"end":{"line":100,"column":null}}],"line":100},"10":{"loc":{"start":{"line":109,"column":9},"end":{"line":118,"column":null}},"type":"binary-expr","locations":[{"start":{"line":109,"column":9},"end":{"line":109,"column":43}},{"start":{"line":109,"column":43},"end":{"line":109,"column":53}},{"start":{"line":109,"column":53},"end":{"line":109,"column":null}},{"start":{"line":110,"column":10},"end":{"line":118,"column":null}}],"line":109},"11":{"loc":{"start":{"line":113,"column":15},"end":{"line":113,"column":null}},"type":"cond-expr","locations":[{"start":{"line":113,"column":32},"end":{"line":113,"column":61}},{"start":{"line":113,"column":61},"end":{"line":113,"column":null}}],"line":113},"12":{"loc":{"start":{"line":116,"column":15},"end":{"line":116,"column":null}},"type":"cond-expr","locations":[{"start":{"line":116,"column":32},"end":{"line":116,"column":72}},{"start":{"line":116,"column":72},"end":{"line":116,"column":null}}],"line":116},"13":{"loc":{"start":{"line":121,"column":9},"end":{"line":124,"column":null}},"type":"binary-expr","locations":[{"start":{"line":121,"column":9},"end":{"line":121,"column":43}},{"start":{"line":121,"column":43},"end":{"line":121,"column":null}},{"start":{"line":122,"column":10},"end":{"line":124,"column":null}}],"line":121},"14":{"loc":{"start":{"line":128,"column":11},"end":{"line":158,"column":null}},"type":"cond-expr","locations":[{"start":{"line":129,"column":12},"end":{"line":154,"column":null}},{"start":{"line":156,"column":12},"end":{"line":158,"column":null}}],"line":128},"15":{"loc":{"start":{"line":128,"column":11},"end":{"line":128,"column":null}},"type":"binary-expr","locations":[{"start":{"line":128,"column":11},"end":{"line":128,"column":30}},{"start":{"line":128,"column":30},"end":{"line":128,"column":null}}],"line":128},"16":{"loc":{"start":{"line":130,"column":15},"end":{"line":136,"column":null}},"type":"binary-expr","locations":[{"start":{"line":130,"column":15},"end":{"line":130,"column":null}},{"start":{"line":131,"column":16},"end":{"line":136,"column":null}}],"line":130},"17":{"loc":{"start":{"line":138,"column":15},"end":{"line":144,"column":null}},"type":"binary-expr","locations":[{"start":{"line":138,"column":15},"end":{"line":138,"column":null}},{"start":{"line":139,"column":16},"end":{"line":144,"column":null}}],"line":138},"18":{"loc":{"start":{"line":146,"column":15},"end":{"line":152,"column":null}},"type":"binary-expr","locations":[{"start":{"line":146,"column":15},"end":{"line":146,"column":null}},{"start":{"line":147,"column":16},"end":{"line":152,"column":null}}],"line":146}},"s":{"0":8,"1":0,"2":0,"3":0,"4":8},"f":{"0":8,"1":0,"2":0,"3":0},"b":{"0":[8],"1":[0,8],"2":[8,0],"3":[8,2],"4":[0,2],"5":[8,0],"6":[8,1],"7":[0,1],"8":[1,0],"9":[0,1],"10":[8,7,6,1],"11":[0,1],"12":[0,1],"13":[8,7,5],"14":[0,8],"15":[8,0],"16":[0,0],"17":[0,0],"18":[0,0]},"meta":{"lastBranch":19,"lastFunction":4,"lastStatement":5,"seen":{"f:39:16:39:29":0,"b:49:12:49:Infinity":0,"s:53:26:57:Infinity":0,"b:53:44:57:6:57:6:57:Infinity":1,"f:54:35:54:40":1,"s:54:40:54:61":1,"f:55:37:55:42":2,"s:55:42:55:65":2,"f:56:34:56:39":3,"s:56:39:56:59":3,"s:59:2:162:Infinity":4,"b:63:8:63:19:63:19:63:Infinity":2,"b:70:11:70:Infinity:71:12:73:Infinity":3,"b:72:46:72:56:72:56:72:Infinity":4,"b:76:11:76:Infinity:78:12:89:Infinity":5,"b:91:11:91:Infinity:93:12:101:Infinity":6,"b:94:41:94:55:94:55:94:Infinity":7,"b:99:58:99:77:99:77:99:92":8,"b:100:25:100:35:100:35:100:Infinity":9,"b:109:9:109:43:109:43:109:53:109:53:109:Infinity:110:10:118:Infinity":10,"b:113:32:113:61:113:61:113:Infinity":11,"b:116:32:116:72:116:72:116:Infinity":12,"b:121:9:121:43:121:43:121:Infinity:122:10:124:Infinity":13,"b:129:12:154:Infinity:156:12:158:Infinity":14,"b:128:11:128:30:128:30:128:Infinity":15,"b:130:15:130:Infinity:131:16:136:Infinity":16,"b:138:15:138:Infinity:139:16:144:Infinity":17,"b:146:15:146:Infinity:147:16:152:Infinity":18}}}
,"/home/nitramyloh/git/Replikanti/flowlint/flowlint-weblinter/src/components/RuleModal.tsx": {"path":"/home/nitramyloh/git/Replikanti/flowlint/flowlint-weblinter/src/components/RuleModal.tsx","statementMap":{"0":{"start":{"line":10,"column":6},"end":{"line":10,"column":null}},"1":{"start":{"line":10,"column":27},"end":{"line":10,"column":null}},"2":{"start":{"line":11,"column":6},"end":{"line":11,"column":null}},"3":{"start":{"line":11,"column":35},"end":{"line":11,"column":null}},"4":{"start":{"line":24,"column":21},"end":{"line":24,"column":null}},"5":{"start":{"line":26,"column":23},"end":{"line":29,"column":null}},"6":{"start":{"line":27,"column":2},"end":{"line":29,"column":null}},"7":{"start":{"line":33,"column":22},"end":{"line":33,"column":null}},"8":{"start":{"line":35,"column":2},"end":{"line":35,"column":null}},"9":{"start":{"line":35,"column":20},"end":{"line":35,"column":null}},"10":{"start":{"line":37,"column":2},"end":{"line":114,"column":null}},"11":{"start":{"line":68,"column":36},"end":{"line":68,"column":null}},"12":{"start":{"line":69,"column":40},"end":{"line":69,"column":null}},"13":{"start":{"line":71,"column":22},"end":{"line":77,"column":null}},"14":{"start":{"line":72,"column":24},"end":{"line":75,"column":null}},"15":{"start":{"line":79,"column":22},"end":{"line":88,"column":null}}},"fnMap":{"0":{"name":"(anonymous_0)","decl":{"start":{"line":10,"column":21},"end":{"line":10,"column":27}},"loc":{"start":{"line":10,"column":27},"end":{"line":10,"column":null}},"line":10},"1":{"name":"(anonymous_1)","decl":{"start":{"line":11,"column":29},"end":{"line":11,"column":35}},"loc":{"start":{"line":11,"column":35},"end":{"line":11,"column":null}},"line":11},"2":{"name":"(anonymous_2)","decl":{"start":{"line":26,"column":23},"end":{"line":26,"column":null}},"loc":{"start":{"line":27,"column":2},"end":{"line":29,"column":null}},"line":27},"3":{"name":"RuleModal","decl":{"start":{"line":32,"column":16},"end":{"line":32,"column":26}},"loc":{"start":{"line":32,"column":64},"end":{"line":116,"column":null}},"line":32},"4":{"name":"(anonymous_4)","decl":{"start":{"line":67,"column":20},"end":{"line":67,"column":25}},"loc":{"start":{"line":67,"column":69},"end":{"line":90,"column":null}},"line":67}},"branchMap":{"0":{"loc":{"start":{"line":35,"column":2},"end":{"line":35,"column":null}},"type":"if","locations":[{"start":{"line":35,"column":2},"end":{"line":35,"column":null}},{"start":{},"end":{}}],"line":35},"1":{"loc":{"start":{"line":68,"column":58},"end":{"line":68,"column":73}},"type":"binary-expr","locations":[{"start":{"line":68,"column":58},"end":{"line":68,"column":71}},{"start":{"line":68,"column":71},"end":{"line":68,"column":73}}],"line":68},"2":{"loc":{"start":{"line":69,"column":40},"end":{"line":69,"column":null}},"type":"binary-expr","locations":[{"start":{"line":69,"column":40},"end":{"line":69,"column":49}},{"start":{"line":69,"column":49},"end":{"line":69,"column":null}}],"line":69},"3":{"loc":{"start":{"line":71,"column":22},"end":{"line":77,"column":null}},"type":"if","locations":[{"start":{"line":71,"column":22},"end":{"line":77,"column":null}},{"start":{},"end":{}}],"line":71},"4":{"loc":{"start":{"line":79,"column":29},"end":{"line":88,"column":null}},"type":"cond-expr","locations":[{"start":{"line":80,"column":24},"end":{"line":82,"column":null}},{"start":{"line":84,"column":24},"end":{"line":88,"column":null}}],"line":79},"5":{"loc":{"start":{"line":100,"column":20},"end":{"line":100,"column":null}},"type":"binary-expr","locations":[{"start":{"line":100,"column":20},"end":{"line":100,"column":40}},{"start":{"line":100,"column":40},"end":{"line":100,"column":null}}],"line":100},"6":{"loc":{"start":{"line":107,"column":20},"end":{"line":107,"column":null}},"type":"binary-expr","locations":[{"start":{"line":107,"column":20},"end":{"line":107,"column":39}},{"start":{"line":107,"column":39},"end":{"line":107,"column":null}}],"line":107}},"s":{"0":0,"1":0,"2":0,"3":0,"4":0,"5":0,"6":0,"7":0,"8":0,"9":0,"10":0,"11":0,"12":0,"13":0,"14":0,"15":0},"f":{"0":0,"1":0,"2":0,"3":0,"4":0},"b":{"0":[0,0],"1":[0,0],"2":[0,0],"3":[0,0],"4":[0,0],"5":[0,0],"6":[0,0]},"meta":{"lastBranch":7,"lastFunction":5,"lastStatement":16,"seen":{"s:10:6:10:Infinity":0,"f:10:21:10:27":0,"s:10:27:10:Infinity":1,"s:11:6:11:Infinity":2,"f:11:29:11:35":1,"s:11:35:11:Infinity":3,"s:24:21:24:Infinity":4,"s:26:23:29:Infinity":5,"f:26:23:26:Infinity":2,"s:27:2:29:Infinity":6,"f:32:16:32:26":3,"s:33:22:33:Infinity":7,"b:35:2:35:Infinity:undefined:undefined:undefined:undefined":0,"s:35:2:35:Infinity":8,"s:35:20:35:Infinity":9,"s:37:2:114:Infinity":10,"f:67:20:67:25":4,"s:68:36:68:Infinity":11,"b:68:58:68:71:68:71:68:73":1,"s:69:40:69:Infinity":12,"b:69:40:69:49:69:49:69:Infinity":2,"b:71:22:77:Infinity:undefined:undefined:undefined:undefined":3,"s:71:22:77:Infinity":13,"s:72:24:75:Infinity":14,"s:79:22:88:Infinity":15,"b:80:24:82:Infinity:84:24:88:Infinity":4,"b:100:20:100:40:100:40:100:Infinity":5,"b:107:20:107:39:107:39:107:Infinity":6}}}
,"/home/nitramyloh/git/Replikanti/flowlint/flowlint-weblinter/src/components/WorkflowCanvas.tsx": {"path":"/home/nitramyloh/git/Replikanti/flowlint/flowlint-weblinter/src/components/WorkflowCanvas.tsx","statementMap":{"0":{"start":{"line":45,"column":29},"end":{"line":47,"column":null}},"1":{"start":{"line":58,"column":51},"end":{"line":61,"column":null}},"2":{"start":{"line":59,"column":4},"end":{"line":59,"column":null}},"3":{"start":{"line":64,"column":31},"end":{"line":64,"column":null}},"4":{"start":{"line":65,"column":31},"end":{"line":65,"column":null}},"5":{"start":{"line":68,"column":8},"end":{"line":75,"column":null}},"6":{"start":{"line":70,"column":6},"end":{"line":72,"column":null}},"7":{"start":{"line":71,"column":8},"end":{"line":71,"column":null}},"8":{"start":{"line":77,"column":2},"end":{"line":114,"column":null}},"9":{"start":{"line":97,"column":25},"end":{"line":97,"column":null}},"10":{"start":{"line":98,"column":12},"end":{"line":98,"column":null}},"11":{"start":{"line":98,"column":35},"end":{"line":98,"column":null}},"12":{"start":{"line":99,"column":12},"end":{"line":108,"column":null}},"13":{"start":{"line":101,"column":16},"end":{"line":101,"column":null}},"14":{"start":{"line":103,"column":16},"end":{"line":103,"column":null}},"15":{"start":{"line":105,"column":16},"end":{"line":105,"column":null}},"16":{"start":{"line":107,"column":16},"end":{"line":107,"column":null}}},"fnMap":{"0":{"name":"WorkflowCanvas","decl":{"start":{"line":56,"column":16},"end":{"line":56,"column":31}},"loc":{"start":{"line":56,"column":86},"end":{"line":116,"column":null}},"line":56},"1":{"name":"(anonymous_1)","decl":{"start":{"line":59,"column":4},"end":{"line":59,"column":10}},"loc":{"start":{"line":59,"column":4},"end":{"line":59,"column":null}},"line":59},"2":{"name":"(anonymous_2)","decl":{"start":{"line":69,"column":4},"end":{"line":69,"column":5}},"loc":{"start":{"line":69,"column":64},"end":{"line":73,"column":null}},"line":69},"3":{"name":"(anonymous_3)","decl":{"start":{"line":96,"column":21},"end":{"line":96,"column":22}},"loc":{"start":{"line":96,"column":31},"end":{"line":109,"column":null}},"line":96}},"branchMap":{"0":{"loc":{"start":{"line":70,"column":6},"end":{"line":72,"column":null}},"type":"if","locations":[{"start":{"line":70,"column":6},"end":{"line":72,"column":null}},{"start":{},"end":{}}],"line":70},"1":{"loc":{"start":{"line":98,"column":12},"end":{"line":98,"column":null}},"type":"if","locations":[{"start":{"line":98,"column":12},"end":{"line":98,"column":null}},{"start":{},"end":{}}],"line":98},"2":{"loc":{"start":{"line":99,"column":12},"end":{"line":108,"column":null}},"type":"switch","locations":[{"start":{"line":100,"column":14},"end":{"line":101,"column":null}},{"start":{"line":102,"column":14},"end":{"line":103,"column":null}},{"start":{"line":104,"column":14},"end":{"line":105,"column":null}},{"start":{"line":106,"column":14},"end":{"line":107,"column":null}}],"line":99}},"s":{"0":2,"1":2,"2":2,"3":2,"4":2,"5":2,"6":0,"7":0,"8":2,"9":0,"10":0,"11":0,"12":0,"13":0,"14":0,"15":0,"16":0},"f":{"0":2,"1":2,"2":0,"3":0},"b":{"0":[0,0],"1":[0,0],"2":[0,0,0,0]},"meta":{"lastBranch":3,"lastFunction":4,"lastStatement":17,"seen":{"s:45:29:47:Infinity":0,"f:56:16:56:31":0,"s:58:51:61:Infinity":1,"f:59:4:59:10":1,"s:59:4:59:Infinity":2,"s:64:31:64:Infinity":3,"s:65:31:65:Infinity":4,"s:68:8:75:Infinity":5,"f:69:4:69:5":2,"b:70:6:72:Infinity:undefined:undefined:undefined:undefined":0,"s:70:6:72:Infinity":6,"s:71:8:71:Infinity":7,"s:77:2:114:Infinity":8,"f:96:21:96:22":3,"s:97:25:97:Infinity":9,"b:98:12:98:Infinity:undefined:undefined:undefined:undefined":1,"s:98:12:98:Infinity":10,"s:98:35:98:Infinity":11,"b:100:14:101:Infinity:102:14:103:Infinity:104:14:105:Infinity:106:14:107:Infinity":2,"s:99:12:108:Infinity":12,"s:101:16:101:Infinity":13,"s:103:16:103:Infinity":14,"s:105:16:105:Infinity":15,"s:107:16:107:Infinity":16}}}
,"/home/nitramyloh/git/Replikanti/flowlint/flowlint-weblinter/src/components/WorkflowNode.tsx": {"path":"/home/nitramyloh/git/Replikanti/flowlint/flowlint-weblinter/src/components/WorkflowNode.tsx","statementMap":{"0":{"start":{"line":12,"column":13},"end":{"line":70,"column":null}},"1":{"start":{"line":13,"column":57},"end":{"line":13,"column":null}},"2":{"start":{"line":14,"column":8},"end":{"line":14,"column":null}},"3":{"start":{"line":16,"column":21},"end":{"line":16,"column":null}},"4":{"start":{"line":18,"column":2},"end":{"line":68,"column":null}},"5":{"start":{"line":72,"column":0},"end":{"line":72,"column":null}}},"fnMap":{"0":{"name":"(anonymous_0)","decl":{"start":{"line":12,"column":33},"end":{"line":12,"column":34}},"loc":{"start":{"line":12,"column":68},"end":{"line":70,"column":1}},"line":12}},"branchMap":{"0":{"loc":{"start":{"line":22,"column":8},"end":{"line":22,"column":null}},"type":"cond-expr","locations":[{"start":{"line":22,"column":21},"end":{"line":22,"column":45}},{"start":{"line":22,"column":45},"end":{"line":22,"column":null}}],"line":22},"1":{"loc":{"start":{"line":23,"column":8},"end":{"line":23,"column":null}},"type":"binary-expr","locations":[{"start":{"line":23,"column":8},"end":{"line":23,"column":20}},{"start":{"line":23,"column":20},"end":{"line":23,"column":null}}],"line":23},"2":{"loc":{"start":{"line":47,"column":9},"end":{"line":58,"column":null}},"type":"binary-expr","locations":[{"start":{"line":47,"column":9},"end":{"line":47,"column":null}},{"start":{"line":48,"column":10},"end":{"line":58,"column":null}}],"line":47},"3":{"loc":{"start":{"line":56,"column":30},"end":{"line":56,"column":null}},"type":"cond-expr","locations":[{"start":{"line":56,"column":51},"end":{"line":56,"column":61}},{"start":{"line":56,"column":61},"end":{"line":56,"column":null}}],"line":56}},"s":{"0":2,"1":2,"2":2,"3":2,"4":2,"5":2},"f":{"0":2},"b":{"0":[1,1],"1":[2,0],"2":[2,1],"3":[1,0]},"meta":{"lastBranch":4,"lastFunction":1,"lastStatement":6,"seen":{"s:12:13:70:Infinity":0,"f:12:33:12:34":0,"s:13:57:13:Infinity":1,"s:14:8:14:Infinity":2,"s:16:21:16:Infinity":3,"s:18:2:68:Infinity":4,"b:22:21:22:45:22:45:22:Infinity":0,"b:23:8:23:20:23:20:23:Infinity":1,"b:47:9:47:Infinity:48:10:58:Infinity":2,"b:56:51:56:61:56:61:56:Infinity":3,"s:72:0:72:Infinity":5}}}
,"/home/nitramyloh/git/Replikanti/flowlint/flowlint-weblinter/src/data/rule-examples.json": {"path":"/home/nitramyloh/git/Replikanti/flowlint/flowlint-weblinter/src/data/rule-examples.json","statementMap":{},"fnMap":{},"branchMap":{},"s":{},"f":{},"b":{},"meta":{"lastBranch":0,"lastFunction":0,"lastStatement":0,"seen":{}}}
,"/home/nitramyloh/git/Replikanti/flowlint/flowlint-weblinter/src/lib/finding-utils.ts": {"path":"/home/nitramyloh/git/Replikanti/flowlint/flowlint-weblinter/src/lib/finding-utils.ts","statementMap":{"0":{"start":{"line":11,"column":2},"end":{"line":18,"column":null}},"1":{"start":{"line":12,"column":19},"end":{"line":12,"column":null}},"2":{"start":{"line":13,"column":4},"end":{"line":15,"column":null}},"3":{"start":{"line":14,"column":6},"end":{"line":14,"column":null}},"4":{"start":{"line":16,"column":4},"end":{"line":16,"column":null}},"5":{"start":{"line":17,"column":4},"end":{"line":17,"column":null}},"6":{"start":{"line":28,"column":2},"end":{"line":28,"column":null}},"7":{"start":{"line":28,"column":29},"end":{"line":28,"column":null}},"8":{"start":{"line":30,"column":18},"end":{"line":30,"column":null}},"9":{"start":{"line":30,"column":37},"end":{"line":30,"column":58}},"10":{"start":{"line":31,"column":2},"end":{"line":31,"column":null}},"11":{"start":{"line":31,"column":15},"end":{"line":31,"column":null}},"12":{"start":{"line":33,"column":20},"end":{"line":33,"column":null}},"13":{"start":{"line":33,"column":39},"end":{"line":33,"column":62}},"14":{"start":{"line":34,"column":2},"end":{"line":34,"column":null}},"15":{"start":{"line":34,"column":17},"end":{"line":34,"column":null}},"16":{"start":{"line":36,"column":2},"end":{"line":36,"column":null}},"17":{"start":{"line":50,"column":2},"end":{"line":79,"column":null}},"18":{"start":{"line":52,"column":6},"end":{"line":57,"column":null}},"19":{"start":{"line":59,"column":6},"end":{"line":64,"column":null}},"20":{"start":{"line":66,"column":6},"end":{"line":71,"column":null}},"21":{"start":{"line":73,"column":6},"end":{"line":78,"column":null}},"22":{"start":{"line":93,"column":17},"end":{"line":99,"column":null}},"23":{"start":{"line":95,"column":6},"end":{"line":95,"column":null}},"24":{"start":{"line":96,"column":6},"end":{"line":96,"column":null}},"25":{"start":{"line":101,"column":2},"end":{"line":106,"column":null}}},"fnMap":{"0":{"name":"groupFindingsByNode","decl":{"start":{"line":10,"column":16},"end":{"line":10,"column":36}},"loc":{"start":{"line":10,"column":84},"end":{"line":19,"column":null}},"line":10},"1":{"name":"(anonymous_1)","decl":{"start":{"line":11,"column":25},"end":{"line":11,"column":26}},"loc":{"start":{"line":11,"column":43},"end":{"line":18,"column":5}},"line":11},"2":{"name":"getMaxSeverity","decl":{"start":{"line":27,"column":16},"end":{"line":27,"column":31}},"loc":{"start":{"line":27,"column":76},"end":{"line":37,"column":null}},"line":27},"3":{"name":"(anonymous_3)","decl":{"start":{"line":30,"column":32},"end":{"line":30,"column":37}},"loc":{"start":{"line":30,"column":37},"end":{"line":30,"column":58}},"line":30},"4":{"name":"(anonymous_4)","decl":{"start":{"line":33,"column":34},"end":{"line":33,"column":39}},"loc":{"start":{"line":33,"column":39},"end":{"line":33,"column":62}},"line":33},"5":{"name":"getSeverityColor","decl":{"start":{"line":44,"column":16},"end":{"line":44,"column":33}},"loc":{"start":{"line":49,"column":2},"end":{"line":80,"column":null}},"line":49},"6":{"name":"getFindingCountsBySeverity","decl":{"start":{"line":87,"column":16},"end":{"line":87,"column":43}},"loc":{"start":{"line":92,"column":2},"end":{"line":107,"column":null}},"line":92},"7":{"name":"(anonymous_7)","decl":{"start":{"line":94,"column":4},"end":{"line":94,"column":5}},"loc":{"start":{"line":94,"column":16},"end":{"line":97,"column":null}},"line":94}},"branchMap":{"0":{"loc":{"start":{"line":12,"column":19},"end":{"line":12,"column":null}},"type":"binary-expr","locations":[{"start":{"line":12,"column":19},"end":{"line":12,"column":37}},{"start":{"line":12,"column":37},"end":{"line":12,"column":null}}],"line":12},"1":{"loc":{"start":{"line":13,"column":4},"end":{"line":15,"column":null}},"type":"if","locations":[{"start":{"line":13,"column":4},"end":{"line":15,"column":null}},{"start":{},"end":{}}],"line":13},"2":{"loc":{"start":{"line":28,"column":2},"end":{"line":28,"column":null}},"type":"if","locations":[{"start":{"line":28,"column":2},"end":{"line":28,"column":null}},{"start":{},"end":{}}],"line":28},"3":{"loc":{"start":{"line":31,"column":2},"end":{"line":31,"column":null}},"type":"if","locations":[{"start":{"line":31,"column":2},"end":{"line":31,"column":null}},{"start":{},"end":{}}],"line":31},"4":{"loc":{"start":{"line":34,"column":2},"end":{"line":34,"column":null}},"type":"if","locations":[{"start":{"line":34,"column":2},"end":{"line":34,"column":null}},{"start":{},"end":{}}],"line":34},"5":{"loc":{"start":{"line":50,"column":2},"end":{"line":79,"column":null}},"type":"switch","locations":[{"start":{"line":51,"column":4},"end":{"line":57,"column":null}},{"start":{"line":58,"column":4},"end":{"line":64,"column":null}},{"start":{"line":65,"column":4},"end":{"line":71,"column":null}},{"start":{"line":72,"column":4},"end":{"line":78,"column":null}}],"line":50},"6":{"loc":{"start":{"line":95,"column":25},"end":{"line":95,"column":49}},"type":"binary-expr","locations":[{"start":{"line":95,"column":25},"end":{"line":95,"column":44}},{"start":{"line":95,"column":44},"end":{"line":95,"column":49}}],"line":95}},"s":{"0":2,"1":1,"2":1,"3":1,"4":1,"5":1,"6":2,"7":1,"8":1,"9":1,"10":1,"11":0,"12":1,"13":1,"14":1,"15":1,"16":0,"17":2,"18":0,"19":1,"20":0,"21":1,"22":0,"23":0,"24":0,"25":0},"f":{"0":2,"1":1,"2":2,"3":1,"4":1,"5":2,"6":0,"7":0},"b":{"0":[1,0],"1":[1,0],"2":[1,1],"3":[0,1],"4":[1,0],"5":[0,1,0,1],"6":[0,0]},"meta":{"lastBranch":7,"lastFunction":8,"lastStatement":26,"seen":{"f:10:16:10:36":0,"s:11:2:18:Infinity":0,"f:11:25:11:26":1,"s:12:19:12:Infinity":1,"b:12:19:12:37:12:37:12:Infinity":0,"b:13:4:15:Infinity:undefined:undefined:undefined:undefined":1,"s:13:4:15:Infinity":2,"s:14:6:14:Infinity":3,"s:16:4:16:Infinity":4,"s:17:4:17:Infinity":5,"f:27:16:27:31":2,"b:28:2:28:Infinity:undefined:undefined:undefined:undefined":2,"s:28:2:28:Infinity":6,"s:28:29:28:Infinity":7,"s:30:18:30:Infinity":8,"f:30:32:30:37":3,"s:30:37:30:58":9,"b:31:2:31:Infinity:undefined:undefined:undefined:undefined":3,"s:31:2:31:Infinity":10,"s:31:15:31:Infinity":11,"s:33:20:33:Infinity":12,"f:33:34:33:39":4,"s:33:39:33:62":13,"b:34:2:34:Infinity:undefined:undefined:undefined:undefined":4,"s:34:2:34:Infinity":14,"s:34:17:34:Infinity":15,"s:36:2:36:Infinity":16,"f:44:16:44:33":5,"b:51:4:57:Infinity:58:4:64:Infinity:65:4:71:Infinity:72:4:78:Infinity":5,"s:50:2:79:Infinity":17,"s:52:6:57:Infinity":18,"s:59:6:64:Infinity":19,"s:66:6:71:Infinity":20,"s:73:6:78:Infinity":21,"f:87:16:87:43":6,"s:93:17:99:Infinity":22,"f:94:4:94:5":7,"s:95:6:95:Infinity":23,"b:95:25:95:44:95:44:95:49":6,"s:96:6:96:Infinity":24,"s:101:2:106:Infinity":25}}}
,"/home/nitramyloh/git/Replikanti/flowlint/flowlint-weblinter/src/lib/graph-to-flow.ts": {"path":"/home/nitramyloh/git/Replikanti/flowlint/flowlint-weblinter/src/lib/graph-to-flow.ts","statementMap":{"0":{"start":{"line":53,"column":8},"end":{"line":53,"column":null}},"1":{"start":{"line":56,"column":21},"end":{"line":56,"column":null}},"2":{"start":{"line":57,"column":2},"end":{"line":57,"column":null}},"3":{"start":{"line":57,"column":40},"end":{"line":57,"column":43}},"4":{"start":{"line":60,"column":2},"end":{"line":66,"column":null}},"5":{"start":{"line":69,"column":2},"end":{"line":74,"column":null}},"6":{"start":{"line":70,"column":4},"end":{"line":73,"column":null}},"7":{"start":{"line":77,"column":2},"end":{"line":79,"column":null}},"8":{"start":{"line":78,"column":4},"end":{"line":78,"column":null}},"9":{"start":{"line":82,"column":2},"end":{"line":82,"column":null}},"10":{"start":{"line":85,"column":51},"end":{"line":105,"column":null}},"11":{"start":{"line":86,"column":25},"end":{"line":86,"column":null}},"12":{"start":{"line":87,"column":10},"end":{"line":87,"column":null}},"13":{"start":{"line":88,"column":22},"end":{"line":88,"column":null}},"14":{"start":{"line":90,"column":4},"end":{"line":104,"column":null}},"15":{"start":{"line":108,"column":42},"end":{"line":138,"column":null}},"16":{"start":{"line":109,"column":21},"end":{"line":109,"column":null}},"17":{"start":{"line":112,"column":37},"end":{"line":112,"column":null}},"18":{"start":{"line":113,"column":21},"end":{"line":113,"column":null}},"19":{"start":{"line":115,"column":4},"end":{"line":125,"column":null}},"20":{"start":{"line":117,"column":8},"end":{"line":117,"column":null}},"21":{"start":{"line":118,"column":8},"end":{"line":118,"column":null}},"22":{"start":{"line":120,"column":8},"end":{"line":120,"column":null}},"23":{"start":{"line":121,"column":8},"end":{"line":121,"column":null}},"24":{"start":{"line":123,"column":8},"end":{"line":123,"column":null}},"25":{"start":{"line":124,"column":8},"end":{"line":124,"column":null}},"26":{"start":{"line":127,"column":4},"end":{"line":137,"column":null}},"27":{"start":{"line":140,"column":2},"end":{"line":143,"column":null}}},"fnMap":{"0":{"name":"graphToReactFlow","decl":{"start":{"line":48,"column":16},"end":{"line":48,"column":null}},"loc":{"start":{"line":51,"column":63},"end":{"line":144,"column":null}},"line":51},"1":{"name":"(anonymous_1)","decl":{"start":{"line":57,"column":33},"end":{"line":57,"column":40}},"loc":{"start":{"line":57,"column":40},"end":{"line":57,"column":43}},"line":57},"2":{"name":"(anonymous_2)","decl":{"start":{"line":69,"column":22},"end":{"line":69,"column":23}},"loc":{"start":{"line":69,"column":32},"end":{"line":74,"column":3}},"line":69},"3":{"name":"(anonymous_3)","decl":{"start":{"line":77,"column":22},"end":{"line":77,"column":23}},"loc":{"start":{"line":77,"column":32},"end":{"line":79,"column":3}},"line":77},"4":{"name":"(anonymous_4)","decl":{"start":{"line":85,"column":67},"end":{"line":85,"column":68}},"loc":{"start":{"line":85,"column":77},"end":{"line":105,"column":3}},"line":85},"5":{"name":"(anonymous_5)","decl":{"start":{"line":108,"column":58},"end":{"line":108,"column":59}},"loc":{"start":{"line":108,"column":73},"end":{"line":138,"column":3}},"line":108}},"branchMap":{"0":{"loc":{"start":{"line":86,"column":25},"end":{"line":86,"column":null}},"type":"binary-expr","locations":[{"start":{"line":86,"column":25},"end":{"line":86,"column":52}},{"start":{"line":86,"column":52},"end":{"line":86,"column":null}}],"line":86},"1":{"loc":{"start":{"line":98,"column":15},"end":{"line":98,"column":null}},"type":"binary-expr","locations":[{"start":{"line":98,"column":15},"end":{"line":98,"column":28}},{"start":{"line":98,"column":28},"end":{"line":98,"column":41}},{"start":{"line":98,"column":41},"end":{"line":98,"column":null}}],"line":98},"2":{"loc":{"start":{"line":109,"column":21},"end":{"line":109,"column":null}},"type":"binary-expr","locations":[{"start":{"line":109,"column":21},"end":{"line":109,"column":32}},{"start":{"line":109,"column":32},"end":{"line":109,"column":null}}],"line":109},"3":{"loc":{"start":{"line":115,"column":4},"end":{"line":125,"column":null}},"type":"switch","locations":[{"start":{"line":116,"column":6},"end":{"line":118,"column":null}},{"start":{"line":119,"column":6},"end":{"line":121,"column":null}},{"start":{"line":122,"column":6},"end":{"line":124,"column":null}}],"line":115},"4":{"loc":{"start":{"line":134,"column":13},"end":{"line":134,"column":null}},"type":"cond-expr","locations":[{"start":{"line":134,"column":38},"end":{"line":134,"column":50}},{"start":{"line":134,"column":50},"end":{"line":134,"column":null}}],"line":134}},"s":{"0":2,"1":2,"2":2,"3":0,"4":2,"5":2,"6":2,"7":2,"8":0,"9":2,"10":2,"11":2,"12":2,"13":2,"14":2,"15":2,"16":0,"17":0,"18":0,"19":0,"20":0,"21":0,"22":0,"23":0,"24":0,"25":0,"26":0,"27":2},"f":{"0":2,"1":0,"2":2,"3":0,"4":2,"5":0},"b":{"0":[2,1],"1":[2,0,0],"2":[0,0],"3":[0,0,0],"4":[0,0]},"meta":{"lastBranch":5,"lastFunction":6,"lastStatement":28,"seen":{"f:48:16:48:Infinity":0,"s:53:8:53:Infinity":0,"s:56:21:56:Infinity":1,"s:57:2:57:Infinity":2,"f:57:33:57:40":1,"s:57:40:57:43":3,"s:60:2:66:Infinity":4,"s:69:2:74:Infinity":5,"f:69:22:69:23":2,"s:70:4:73:Infinity":6,"s:77:2:79:Infinity":7,"f:77:22:77:23":3,"s:78:4:78:Infinity":8,"s:82:2:82:Infinity":9,"s:85:51:105:Infinity":10,"f:85:67:85:68":4,"s:86:25:86:Infinity":11,"b:86:25:86:52:86:52:86:Infinity":0,"s:87:10:87:Infinity":12,"s:88:22:88:Infinity":13,"s:90:4:104:Infinity":14,"b:98:15:98:28:98:28:98:41:98:41:98:Infinity":1,"s:108:42:138:Infinity":15,"f:108:58:108:59":5,"s:109:21:109:Infinity":16,"b:109:21:109:32:109:32:109:Infinity":2,"s:112:37:112:Infinity":17,"s:113:21:113:Infinity":18,"b:116:6:118:Infinity:119:6:121:Infinity:122:6:124:Infinity":3,"s:115:4:125:Infinity":19,"s:117:8:117:Infinity":20,"s:118:8:118:Infinity":21,"s:120:8:120:Infinity":22,"s:121:8:121:Infinity":23,"s:123:8:123:Infinity":24,"s:124:8:124:Infinity":25,"s:127:4:137:Infinity":26,"b:134:38:134:50:134:50:134:Infinity":4,"s:140:2:143:Infinity":27}}}
,"/home/nitramyloh/git/Replikanti/flowlint/flowlint-weblinter/src/lib/url-state.ts": {"path":"/home/nitramyloh/git/Replikanti/flowlint/flowlint-weblinter/src/lib/url-state.ts","statementMap":{"0":{"start":{"line":6,"column":30},"end":{"line":11,"column":null}},"1":{"start":{"line":19,"column":21},"end":{"line":19,"column":null}},"2":{"start":{"line":20,"column":21},"end":{"line":20,"column":null}},"3":{"start":{"line":21,"column":2},"end":{"line":21,"column":null}},"4":{"start":{"line":29,"column":2},"end":{"line":49,"column":null}},"5":{"start":{"line":30,"column":4},"end":{"line":30,"column":null}},"6":{"start":{"line":30,"column":24},"end":{"line":30,"column":null}},"7":{"start":{"line":32,"column":25},"end":{"line":32,"column":null}},"8":{"start":{"line":33,"column":4},"end":{"line":33,"column":null}},"9":{"start":{"line":33,"column":23},"end":{"line":33,"column":null}},"10":{"start":{"line":35,"column":19},"end":{"line":35,"column":null}},"11":{"start":{"line":38,"column":19},"end":{"line":38,"column":null}},"12":{"start":{"line":40,"column":4},"end":{"line":43,"column":null}},"13":{"start":{"line":41,"column":6},"end":{"line":41,"column":null}},"14":{"start":{"line":42,"column":6},"end":{"line":42,"column":null}},"15":{"start":{"line":45,"column":4},"end":{"line":45,"column":null}},"16":{"start":{"line":47,"column":4},"end":{"line":47,"column":null}},"17":{"start":{"line":48,"column":4},"end":{"line":48,"column":null}}},"fnMap":{"0":{"name":"encodeState","decl":{"start":{"line":18,"column":16},"end":{"line":18,"column":28}},"loc":{"start":{"line":18,"column":53},"end":{"line":22,"column":null}},"line":18},"1":{"name":"decodeState","decl":{"start":{"line":28,"column":16},"end":{"line":28,"column":28}},"loc":{"start":{"line":28,"column":68},"end":{"line":50,"column":null}},"line":28}},"branchMap":{"0":{"loc":{"start":{"line":30,"column":4},"end":{"line":30,"column":null}},"type":"if","locations":[{"start":{"line":30,"column":4},"end":{"line":30,"column":null}},{"start":{},"end":{}}],"line":30},"1":{"loc":{"start":{"line":33,"column":4},"end":{"line":33,"column":null}},"type":"if","locations":[{"start":{"line":33,"column":4},"end":{"line":33,"column":null}},{"start":{},"end":{}}],"line":33},"2":{"loc":{"start":{"line":40,"column":4},"end":{"line":43,"column":null}},"type":"if","locations":[{"start":{"line":40,"column":4},"end":{"line":43,"column":null}},{"start":{},"end":{}}],"line":40}},"s":{"0":3,"1":2,"2":2,"3":2,"4":4,"5":4,"6":1,"7":3,"8":3,"9":1,"10":2,"11":2,"12":2,"13":0,"14":0,"15":2,"16":0,"17":0},"f":{"0":2,"1":4},"b":{"0":[1,3],"1":[1,2],"2":[0,2]},"meta":{"lastBranch":3,"lastFunction":2,"lastStatement":18,"seen":{"s:6:30:11:Infinity":0,"f:18:16:18:28":0,"s:19:21:19:Infinity":1,"s:20:21:20:Infinity":2,"s:21:2:21:Infinity":3,"f:28:16:28:28":1,"s:29:2:49:Infinity":4,"b:30:4:30:Infinity:undefined:undefined:undefined:undefined":0,"s:30:4:30:Infinity":5,"s:30:24:30:Infinity":6,"s:32:25:32:Infinity":7,"b:33:4:33:Infinity:undefined:undefined:undefined:undefined":1,"s:33:4:33:Infinity":8,"s:33:23:33:Infinity":9,"s:35:19:35:Infinity":10,"s:38:19:38:Infinity":11,"b:40:4:43:Infinity:undefined:undefined:undefined:undefined":2,"s:40:4:43:Infinity":12,"s:41:6:41:Infinity":13,"s:42:6:42:Infinity":14,"s:45:4:45:Infinity":15,"s:47:4:47:Infinity":16,"s:48:4:48:Infinity":17}}}
,"/home/nitramyloh/git/Replikanti/flowlint/flowlint-weblinter/src/lib/utils.ts": {"path":"/home/nitramyloh/git/Replikanti/flowlint/flowlint-weblinter/src/lib/utils.ts","statementMap":{"0":{"start":{"line":5,"column":2},"end":{"line":5,"column":null}}},"fnMap":{"0":{"name":"cn","decl":{"start":{"line":4,"column":16},"end":{"line":4,"column":22}},"loc":{"start":{"line":4,"column":44},"end":{"line":6,"column":null}},"line":4}},"branchMap":{},"s":{"0":224},"f":{"0":224},"b":{},"meta":{"lastBranch":0,"lastFunction":1,"lastStatement":1,"seen":{"f:4:16:4:22":0,"s:5:2:5:Infinity":0}}}
,"/home/nitramyloh/git/Replikanti/flowlint/flowlint-weblinter/src/types/react-syntax-highlighter.d.ts": {"path":"/home/nitramyloh/git/Replikanti/flowlint/flowlint-weblinter/src/types/react-syntax-highlighter.d.ts","statementMap":{},"fnMap":{},"branchMap":{},"s":{},"f":{},"b":{},"meta":{"lastBranch":0,"lastFunction":0,"lastStatement":0,"seen":{}}}
}
